{"numTotalTestSuites":40,"numPassedTestSuites":40,"numFailedTestSuites":0,"numPendingTestSuites":0,"numTotalTests":103,"numPassedTests":103,"numFailedTests":0,"numPendingTests":0,"numTodoTests":0,"snapshot":{"added":0,"failure":false,"filesAdded":0,"filesRemoved":0,"filesRemovedList":[],"filesUnmatched":0,"filesUpdated":0,"matched":0,"total":0,"unchecked":0,"uncheckedKeysByFile":[],"unmatched":0,"updated":0,"didUpdate":false},"startTime":1771370524448,"success":true,"testResults":[{"assertionResults":[{"ancestorTitles":["library exports"],"fullName":"library exports exports components","status":"passed","title":"exports components","duration":1.2843339999999444,"failureMessages":[],"meta":{}},{"ancestorTitles":["library exports"],"fullName":"library exports exports directives","status":"passed","title":"exports directives","duration":0.11183299999993324,"failureMessages":[],"meta":{}},{"ancestorTitles":["library exports"],"fullName":"library exports exports guards","status":"passed","title":"exports guards","duration":0.07370799999989686,"failureMessages":[],"meta":{}},{"ancestorTitles":["library exports"],"fullName":"library exports exports interceptors","status":"passed","title":"exports interceptors","duration":0.08741699999995944,"failureMessages":[],"meta":{}},{"ancestorTitles":["library exports"],"fullName":"library exports exports models","status":"passed","title":"exports models","duration":0.2954170000000431,"failureMessages":[],"meta":{}},{"ancestorTitles":["library exports"],"fullName":"library exports exports services","status":"passed","title":"exports services","duration":0.12762500000008004,"failureMessages":[],"meta":{}},{"ancestorTitles":["library exports"],"fullName":"library exports exports stores","status":"passed","title":"exports stores","duration":0.0988750000001346,"failureMessages":[],"meta":{}},{"ancestorTitles":["library exports"],"fullName":"library exports exports utils","status":"passed","title":"exports utils","duration":0.1916670000000522,"failureMessages":[],"meta":{}},{"ancestorTitles":["library exports"],"fullName":"library exports exports validators","status":"passed","title":"exports validators","duration":0.22025000000007822,"failureMessages":[],"meta":{}}],"startTime":1771370525773,"endTime":1771370525776.2202,"status":"passed","message":"","name":"/Users/gregor/Projects/iamgld/iamgld-ui/projects/iamgld-ui-lib/src/lib/exports.spec.ts"},{"assertionResults":[{"ancestorTitles":["interceptors"],"fullName":"interceptors addToken injects Authorization value when logged and header exists","status":"passed","title":"addToken injects Authorization value when logged and header exists","duration":9.364166999999952,"failureMessages":[],"meta":{}},{"ancestorTitles":["interceptors"],"fullName":"interceptors changeLanguage maps Language header to query param for GET requests","status":"passed","title":"changeLanguage maps Language header to query param for GET requests","duration":1.8964579999999387,"failureMessages":[],"meta":{}},{"ancestorTitles":["interceptors"],"fullName":"interceptors refreshToken retries request on 401 when logged","status":"passed","title":"refreshToken retries request on 401 when logged","duration":3.066583000000037,"failureMessages":[],"meta":{}},{"ancestorTitles":["interceptors"],"fullName":"interceptors refreshToken forwards non-401 errors","status":"passed","title":"refreshToken forwards non-401 errors","duration":1.5243339999999534,"failureMessages":[],"meta":{}}],"startTime":1771370525679,"endTime":1771370525694.5244,"status":"passed","message":"","name":"/Users/gregor/Projects/iamgld/iamgld-ui/projects/iamgld-ui-lib/src/lib/interceptors/interceptors.spec.ts"},{"assertionResults":[{"ancestorTitles":["library services"],"fullName":"library services CustomPreloadingStrategy preloads when route.data.preload is true","status":"passed","title":"CustomPreloadingStrategy preloads when route.data.preload is true","duration":2.3106249999998454,"failureMessages":[],"meta":{}},{"ancestorTitles":["library services"],"fullName":"library services CustomPreloadingStrategy returns null when preload is false","status":"passed","title":"CustomPreloadingStrategy returns null when preload is false","duration":0.30062500000008185,"failureMessages":[],"meta":{}},{"ancestorTitles":["library services"],"fullName":"library services CustomPreloadingStrategy returns null when route has no data property","status":"passed","title":"CustomPreloadingStrategy returns null when route has no data property","duration":0.11429199999997763,"failureMessages":[],"meta":{}},{"ancestorTitles":["library services"],"fullName":"library services Environments returns injected environment and label","status":"passed","title":"Environments returns injected environment and label","duration":7.056916999999885,"failureMessages":[],"meta":{}},{"ancestorTitles":["library services"],"fullName":"library services Theme changes classes on document body","status":"passed","title":"Theme changes classes on document body","duration":2.438583000000108,"failureMessages":[],"meta":{}},{"ancestorTitles":["library services"],"fullName":"library services Theme does nothing when document.body is not available","status":"passed","title":"Theme does nothing when document.body is not available","duration":0.9869579999999587,"failureMessages":[],"meta":{}},{"ancestorTitles":["library services"],"fullName":"library services Transloco changes and reads language","status":"passed","title":"Transloco changes and reads language","duration":0.9530419999998685,"failureMessages":[],"meta":{}},{"ancestorTitles":["library services"],"fullName":"library services TranslocoHttpLoader requests translation by language","status":"passed","title":"TranslocoHttpLoader requests translation by language","duration":0.9347920000000158,"failureMessages":[],"meta":{}},{"ancestorTitles":["library services"],"fullName":"library services theme constants are usable in tests","status":"passed","title":"theme constants are usable in tests","duration":0.1452079999999114,"failureMessages":[],"meta":{}}],"startTime":1771370525633,"endTime":1771370525648.1453,"status":"passed","message":"","name":"/Users/gregor/Projects/iamgld/iamgld-ui/projects/iamgld-ui-lib/src/lib/services/services.spec.ts"},{"assertionResults":[{"ancestorTitles":["stores"],"fullName":"stores AuthenticationStore signin/signout updates state and cookies","status":"passed","title":"AuthenticationStore signin/signout updates state and cookies","duration":9.811666999999943,"failureMessages":[],"meta":{}},{"ancestorTitles":["stores"],"fullName":"stores AuthenticationStore does not write cookies when saveCookie is false","status":"passed","title":"AuthenticationStore does not write cookies when saveCookie is false","duration":1.4739999999999327,"failureMessages":[],"meta":{}},{"ancestorTitles":["stores"],"fullName":"stores ThemeStore changeTheme updates state and delegates to Theme service","status":"passed","title":"ThemeStore changeTheme updates state and delegates to Theme service","duration":1.0745409999999538,"failureMessages":[],"meta":{}}],"startTime":1771370525670,"endTime":1771370525682.0745,"status":"passed","message":"","name":"/Users/gregor/Projects/iamgld/iamgld-ui/projects/iamgld-ui-lib/src/lib/stores/stores.spec.ts"},{"assertionResults":[{"ancestorTitles":["validators","isEmail"],"fullName":"validators isEmail returns null for valid email","status":"passed","title":"returns null for valid email","duration":1.6507090000000062,"failureMessages":[],"meta":{}},{"ancestorTitles":["validators","isEmail"],"fullName":"validators isEmail returns error for invalid email","status":"passed","title":"returns error for invalid email","duration":0.4631660000000011,"failureMessages":[],"meta":{}},{"ancestorTitles":["validators","isEmail"],"fullName":"validators isEmail returns null for empty / falsy values","status":"passed","title":"returns null for empty / falsy values","duration":0.10249999999996362,"failureMessages":[],"meta":{}},{"ancestorTitles":["validators","isString"],"fullName":"validators isString returns null for letters, spaces and accents","status":"passed","title":"returns null for letters, spaces and accents","duration":0.13966599999980644,"failureMessages":[],"meta":{}},{"ancestorTitles":["validators","isString"],"fullName":"validators isString returns error when value contains digits or symbols","status":"passed","title":"returns error when value contains digits or symbols","duration":0.10275000000001455,"failureMessages":[],"meta":{}},{"ancestorTitles":["validators","isString"],"fullName":"validators isString returns null for empty string (trimmed empty)","status":"passed","title":"returns null for empty string (trimmed empty)","duration":0.07124999999996362,"failureMessages":[],"meta":{}},{"ancestorTitles":["validators","isNaturalNumber"],"fullName":"validators isNaturalNumber returns null for zero and positive integers","status":"passed","title":"returns null for zero and positive integers","duration":0.09941699999990306,"failureMessages":[],"meta":{}},{"ancestorTitles":["validators","isNaturalNumber"],"fullName":"validators isNaturalNumber returns error for decimals and non-numeric input","status":"passed","title":"returns error for decimals and non-numeric input","duration":0.0962920000001759,"failureMessages":[],"meta":{}},{"ancestorTitles":["validators","isNaturalNumber"],"fullName":"validators isNaturalNumber returns null for empty string","status":"passed","title":"returns null for empty string","duration":0.06283399999983885,"failureMessages":[],"meta":{}},{"ancestorTitles":["validators","isDate"],"fullName":"validators isDate returns null for valid ISO date","status":"passed","title":"returns null for valid ISO date","duration":0.1585410000000138,"failureMessages":[],"meta":{}},{"ancestorTitles":["validators","isDate"],"fullName":"validators isDate returns format error when format does not match YYYY-MM-DD","status":"passed","title":"returns format error when format does not match YYYY-MM-DD","duration":0.0809999999999036,"failureMessages":[],"meta":{}},{"ancestorTitles":["validators","isDate"],"fullName":"validators isDate returns logical error for impossible dates","status":"passed","title":"returns logical error for impossible dates","duration":0.09662500000013097,"failureMessages":[],"meta":{}},{"ancestorTitles":["validators","isDate"],"fullName":"validators isDate returns null for empty / falsy values","status":"passed","title":"returns null for empty / falsy values","duration":0.06366699999989578,"failureMessages":[],"meta":{}},{"ancestorTitles":["validators","isDocument"],"fullName":"validators isDocument returns null for empty value on any document type","status":"passed","title":"returns null for empty value on any document type","duration":0.14274999999997817,"failureMessages":[],"meta":{}},{"ancestorTitles":["validators","isDocument","DNI"],"fullName":"validators isDocument DNI returns null for valid DNI (7-8 digits)","status":"passed","title":"returns null for valid DNI (7-8 digits)","duration":0.09729199999992488,"failureMessages":[],"meta":{}},{"ancestorTitles":["validators","isDocument","DNI"],"fullName":"validators isDocument DNI returns length error for too-short DNI","status":"passed","title":"returns length error for too-short DNI","duration":0.05666700000006131,"failureMessages":[],"meta":{}},{"ancestorTitles":["validators","isDocument","DNI"],"fullName":"validators isDocument DNI returns numeric error for non-numeric DNI","status":"passed","title":"returns numeric error for non-numeric DNI","duration":0.04804200000012315,"failureMessages":[],"meta":{}},{"ancestorTitles":["validators","isDocument","CT"],"fullName":"validators isDocument CT returns null for valid CT (11 digits)","status":"passed","title":"returns null for valid CT (11 digits)","duration":0.05587500000001455,"failureMessages":[],"meta":{}},{"ancestorTitles":["validators","isDocument","CT"],"fullName":"validators isDocument CT returns length error for wrong digit count","status":"passed","title":"returns length error for wrong digit count","duration":0.1330830000001697,"failureMessages":[],"meta":{}},{"ancestorTitles":["validators","isDocument","CT"],"fullName":"validators isDocument CT returns numeric error for non-numeric CT","status":"passed","title":"returns numeric error for non-numeric CT","duration":0.04820800000015879,"failureMessages":[],"meta":{}},{"ancestorTitles":["validators","isDocument","CL"],"fullName":"validators isDocument CL returns null for valid CL (11 digits)","status":"passed","title":"returns null for valid CL (11 digits)","duration":0.044458999999960724,"failureMessages":[],"meta":{}},{"ancestorTitles":["validators","isDocument","CL"],"fullName":"validators isDocument CL returns numeric error for non-numeric CL","status":"passed","title":"returns numeric error for non-numeric CL","duration":0.04691699999989396,"failureMessages":[],"meta":{}},{"ancestorTitles":["validators","isFormSelectItem"],"fullName":"validators isFormSelectItem returns null for valid { value, label } object","status":"passed","title":"returns null for valid { value, label } object","duration":0.06316599999991013,"failureMessages":[],"meta":{}},{"ancestorTitles":["validators","isFormSelectItem"],"fullName":"validators isFormSelectItem returns error for string value","status":"passed","title":"returns error for string value","duration":0.04808299999990595,"failureMessages":[],"meta":{}},{"ancestorTitles":["validators","isFormSelectItem"],"fullName":"validators isFormSelectItem returns error for array (object without value/label)","status":"passed","title":"returns error for array (object without value/label)","duration":0.13791700000001583,"failureMessages":[],"meta":{}},{"ancestorTitles":["validators","isFormSelectItem"],"fullName":"validators isFormSelectItem returns error for object missing label or value","status":"passed","title":"returns error for object missing label or value","duration":0.13637500000004366,"failureMessages":[],"meta":{}},{"ancestorTitles":["validators","isFormSelectItem"],"fullName":"validators isFormSelectItem returns error for non-string non-object values (e.g. number)","status":"passed","title":"returns error for non-string non-object values (e.g. number)","duration":0.06254100000001017,"failureMessages":[],"meta":{}},{"ancestorTitles":["validators","isFormSelectItem"],"fullName":"validators isFormSelectItem returns null for empty / falsy values","status":"passed","title":"returns null for empty / falsy values","duration":0.06037500000002183,"failureMessages":[],"meta":{}},{"ancestorTitles":["validators","mustMatch"],"fullName":"validators mustMatch returns error when values differ","status":"passed","title":"returns error when values differ","duration":0.5714579999998932,"failureMessages":[],"meta":{}},{"ancestorTitles":["validators","mustMatch"],"fullName":"validators mustMatch returns null when values match","status":"passed","title":"returns null when values match","duration":0.08441700000003038,"failureMessages":[],"meta":{}},{"ancestorTitles":["validators","mustMatch"],"fullName":"validators mustMatch returns null when firstControl value is empty (falsy)","status":"passed","title":"returns null when firstControl value is empty (falsy)","duration":0.068000000000211,"failureMessages":[],"meta":{}},{"ancestorTitles":["validators","mustMatch"],"fullName":"validators mustMatch returns null when a referenced control does not exist","status":"passed","title":"returns null when a referenced control does not exist","duration":0.05787499999996726,"failureMessages":[],"meta":{}},{"ancestorTitles":["validators","mustMatch"],"fullName":"validators mustMatch uses `true` as default error when errorMessage is not provided","status":"passed","title":"uses `true` as default error when errorMessage is not provided","duration":0.10654199999999037,"failureMessages":[],"meta":{}},{"ancestorTitles":["validators","mustUnmatch"],"fullName":"validators mustUnmatch returns error when values are the same","status":"passed","title":"returns error when values are the same","duration":0.1587499999998272,"failureMessages":[],"meta":{}},{"ancestorTitles":["validators","mustUnmatch"],"fullName":"validators mustUnmatch returns null when values differ","status":"passed","title":"returns null when values differ","duration":0.06912499999998545,"failureMessages":[],"meta":{}},{"ancestorTitles":["validators","mustUnmatch"],"fullName":"validators mustUnmatch returns null when firstControl value is empty (falsy)","status":"passed","title":"returns null when firstControl value is empty (falsy)","duration":0.06024999999999636,"failureMessages":[],"meta":{}},{"ancestorTitles":["validators","mustUnmatch"],"fullName":"validators mustUnmatch returns null when a referenced control does not exist","status":"passed","title":"returns null when a referenced control does not exist","duration":0.06037500000002183,"failureMessages":[],"meta":{}},{"ancestorTitles":["validators","mustUnmatch"],"fullName":"validators mustUnmatch uses `true` as default error when errorMessage is not provided","status":"passed","title":"uses `true` as default error when errorMessage is not provided","duration":0.08566700000005767,"failureMessages":[],"meta":{}},{"ancestorTitles":["validators","minimumAge"],"fullName":"validators minimumAge returns null for empty value","status":"passed","title":"returns null for empty value","duration":0.1017500000000382,"failureMessages":[],"meta":{}},{"ancestorTitles":["validators","minimumAge"],"fullName":"validators minimumAge returns null when age is exactly at the boundary (today's date, 18 years ago)","status":"passed","title":"returns null when age is exactly at the boundary (today's date, 18 years ago)","duration":0.0697499999998854,"failureMessages":[],"meta":{}},{"ancestorTitles":["validators","minimumAge"],"fullName":"validators minimumAge returns null when age is clearly above the minimum (age > minAge path)","status":"passed","title":"returns null when age is clearly above the minimum (age > minAge path)","duration":0.05025000000000546,"failureMessages":[],"meta":{}},{"ancestorTitles":["validators","minimumAge"],"fullName":"validators minimumAge returns null when birthday month has already passed this year (isMonthPast path)","status":"passed","title":"returns null when birthday month has already passed this year (isMonthPast path)","duration":0.054374999999936335,"failureMessages":[],"meta":{}},{"ancestorTitles":["validators","minimumAge"],"fullName":"validators minimumAge returns error when age is below the minimum","status":"passed","title":"returns error when age is below the minimum","duration":0.24174999999991087,"failureMessages":[],"meta":{}},{"ancestorTitles":["validators","minimumAge"],"fullName":"validators minimumAge returns error when 18 years by year count but birthday is still upcoming this year","status":"passed","title":"returns error when 18 years by year count but birthday is still upcoming this year","duration":0.07829100000003564,"failureMessages":[],"meta":{}}],"startTime":1771370525615,"endTime":1771370525621.2417,"status":"passed","message":"","name":"/Users/gregor/Projects/iamgld/iamgld-ui/projects/iamgld-ui-lib/src/lib/validators/validators.spec.ts"},{"assertionResults":[{"ancestorTitles":["isLogged guard"],"fullName":"isLogged guard returns true and calls signin when tokens are present but store is not logged","status":"passed","title":"returns true and calls signin when tokens are present but store is not logged","duration":8.975875000000087,"failureMessages":[],"meta":{}},{"ancestorTitles":["isLogged guard"],"fullName":"isLogged guard returns true and skips signin when tokens are present and store is already logged","status":"passed","title":"returns true and skips signin when tokens are present and store is already logged","duration":1.7749169999999594,"failureMessages":[],"meta":{}},{"ancestorTitles":["isLogged guard"],"fullName":"isLogged guard returns false, calls signout and redirects when tokens are missing but store is logged","status":"passed","title":"returns false, calls signout and redirects when tokens are missing but store is logged","duration":1.5098749999999654,"failureMessages":[],"meta":{}},{"ancestorTitles":["isLogged guard"],"fullName":"isLogged guard returns false and redirects without signout when tokens are missing and store is not logged","status":"passed","title":"returns false and redirects without signout when tokens are missing and store is not logged","duration":0.8669170000000577,"failureMessages":[],"meta":{}},{"ancestorTitles":["isLogged guard"],"fullName":"isLogged guard returns false in non-browser execution (window undefined)","status":"passed","title":"returns false in non-browser execution (window undefined)","duration":0.7702910000000429,"failureMessages":[],"meta":{}}],"startTime":1771370525647,"endTime":1771370525660.7703,"status":"passed","message":"","name":"/Users/gregor/Projects/iamgld/iamgld-ui/projects/iamgld-ui-lib/src/lib/guards/is-logged/is-logged.guard.spec.ts"},{"assertionResults":[{"ancestorTitles":["Authentication service","signin"],"fullName":"Authentication service signin stores tokens when API response is valid","status":"passed","title":"stores tokens when API response is valid","duration":4.212040999999999,"failureMessages":[],"meta":{}},{"ancestorTitles":["Authentication service","signin"],"fullName":"Authentication service signin throws when API response is malformed","status":"passed","title":"throws when API response is malformed","duration":0.8773329999999078,"failureMessages":[],"meta":{}},{"ancestorTitles":["Authentication service","signin"],"fullName":"Authentication service signin propagates HTTP errors","status":"passed","title":"propagates HTTP errors","duration":0.4934579999999187,"failureMessages":[],"meta":{}},{"ancestorTitles":["Authentication service","refreshAccessToken"],"fullName":"Authentication service refreshAccessToken stores tokens without cookies when response is valid","status":"passed","title":"stores tokens without cookies when response is valid","duration":0.4102909999999156,"failureMessages":[],"meta":{}},{"ancestorTitles":["Authentication service","refreshAccessToken"],"fullName":"Authentication service refreshAccessToken logs out and redirects when jwt is expired","status":"passed","title":"logs out and redirects when jwt is expired","duration":0.3304160000000138,"failureMessages":[],"meta":{}},{"ancestorTitles":["Authentication service","refreshAccessToken"],"fullName":"Authentication service refreshAccessToken propagates non-auth errors","status":"passed","title":"propagates non-auth errors","duration":0.20499999999992724,"failureMessages":[],"meta":{}},{"ancestorTitles":["Authentication service","refreshAccessToken"],"fullName":"Authentication service refreshAccessToken logs out and redirects when response body is empty","status":"passed","title":"logs out and redirects when response body is empty","duration":0.22833299999979317,"failureMessages":[],"meta":{}}],"startTime":1771370525641,"endTime":1771370525648.2283,"status":"passed","message":"","name":"/Users/gregor/Projects/iamgld/iamgld-ui/projects/iamgld-ui-lib/src/lib/services/authentication/authentication.service.spec.ts"},{"assertionResults":[{"ancestorTitles":["date utils","formatDateToISODate"],"fullName":"date utils formatDateToISODate returns ISO date for valid date string","status":"passed","title":"returns ISO date for valid date string","duration":1.7827920000001996,"failureMessages":[],"meta":{}},{"ancestorTitles":["date utils","formatDateToISODate"],"fullName":"date utils formatDateToISODate returns ISO date for Date instance","status":"passed","title":"returns ISO date for Date instance","duration":0.6046249999999418,"failureMessages":[],"meta":{}},{"ancestorTitles":["date utils","formatDateToISODate"],"fullName":"date utils formatDateToISODate returns null for invalid value","status":"passed","title":"returns null for invalid value","duration":0.7104170000000067,"failureMessages":[],"meta":{}},{"ancestorTitles":["date utils","formatDateToISODate"],"fullName":"date utils formatDateToISODate supports timestamp in seconds and milliseconds","status":"passed","title":"supports timestamp in seconds and milliseconds","duration":0.46633299999984956,"failureMessages":[],"meta":{}},{"ancestorTitles":["date utils","formatDateToISODate"],"fullName":"date utils formatDateToISODate returns null for unsupported numeric timestamps","status":"passed","title":"returns null for unsupported numeric timestamps","duration":0.4702500000000782,"failureMessages":[],"meta":{}},{"ancestorTitles":["date utils","formatDateToISODate"],"fullName":"date utils formatDateToISODate handles uncommon edge values","status":"passed","title":"handles uncommon edge values","duration":0.1622500000000855,"failureMessages":[],"meta":{}},{"ancestorTitles":["date utils","formatISODateToDate"],"fullName":"date utils formatISODateToDate returns Date for valid ISO date","status":"passed","title":"returns Date for valid ISO date","duration":0.20524999999997817,"failureMessages":[],"meta":{}},{"ancestorTitles":["date utils","formatISODateToDate"],"fullName":"date utils formatISODateToDate returns null for invalid values","status":"passed","title":"returns null for invalid values","duration":0.06549999999992906,"failureMessages":[],"meta":{}},{"ancestorTitles":["date utils","formatDDMMYYYYToISODate"],"fullName":"date utils formatDDMMYYYYToISODate returns ISO date for valid dd/mm/yyyy","status":"passed","title":"returns ISO date for valid dd/mm/yyyy","duration":0.11075000000005275,"failureMessages":[],"meta":{}},{"ancestorTitles":["date utils","formatDDMMYYYYToISODate"],"fullName":"date utils formatDDMMYYYYToISODate returns null for null or malformed values","status":"passed","title":"returns null for null or malformed values","duration":0.09512500000005275,"failureMessages":[],"meta":{}},{"ancestorTitles":["date utils","formatDDMMYYYYToISODate"],"fullName":"date utils formatDDMMYYYYToISODate applies native Date rollover behavior for out-of-range day/month combos","status":"passed","title":"applies native Date rollover behavior for out-of-range day/month combos","duration":0.04991700000005039,"failureMessages":[],"meta":{}},{"ancestorTitles":["date utils","formatISODateToDDMMYYYY"],"fullName":"date utils formatISODateToDDMMYYYY returns dd/mm/yyyy for valid ISO date","status":"passed","title":"returns dd/mm/yyyy for valid ISO date","duration":0.06887499999993452,"failureMessages":[],"meta":{}},{"ancestorTitles":["date utils","formatISODateToDDMMYYYY"],"fullName":"date utils formatISODateToDDMMYYYY returns null for invalid date","status":"passed","title":"returns null for invalid date","duration":0.05075000000010732,"failureMessages":[],"meta":{}},{"ancestorTitles":["date utils","addDaysToISODate"],"fullName":"date utils addDaysToISODate adds and subtracts days","status":"passed","title":"adds and subtracts days","duration":0.08233299999983501,"failureMessages":[],"meta":{}},{"ancestorTitles":["date utils","addDaysToISODate"],"fullName":"date utils addDaysToISODate returns null for invalid date","status":"passed","title":"returns null for invalid date","duration":0.04016700000011042,"failureMessages":[],"meta":{}},{"ancestorTitles":["date utils","addYearsToISODate"],"fullName":"date utils addYearsToISODate adds years including limit case","status":"passed","title":"adds years including limit case","duration":0.08495799999991505,"failureMessages":[],"meta":{}},{"ancestorTitles":["date utils","addYearsToISODate"],"fullName":"date utils addYearsToISODate returns null for invalid date","status":"passed","title":"returns null for invalid date","duration":0.04087500000014188,"failureMessages":[],"meta":{}}],"startTime":1771370525565,"endTime":1771370525571.085,"status":"passed","message":"","name":"/Users/gregor/Projects/iamgld/iamgld-ui/projects/iamgld-ui-lib/src/lib/utils/date/date.spec.ts"},{"assertionResults":[{"ancestorTitles":["updateValueWithMask"],"fullName":"updateValueWithMask applies mask placeholders","status":"passed","title":"applies mask placeholders","duration":1.0424579999998969,"failureMessages":[],"meta":{}},{"ancestorTitles":["updateValueWithMask"],"fullName":"updateValueWithMask keeps characters when they already match placeholder","status":"passed","title":"keeps characters when they already match placeholder","duration":0.10237499999993815,"failureMessages":[],"meta":{}},{"ancestorTitles":["updateValueWithMask"],"fullName":"updateValueWithMask returns original value for empty-like values","status":"passed","title":"returns original value for empty-like values","duration":0.07891700000004676,"failureMessages":[],"meta":{}}],"startTime":1771370525551,"endTime":1771370525552.1023,"status":"passed","message":"","name":"/Users/gregor/Projects/iamgld/iamgld-ui/projects/iamgld-ui-lib/src/lib/utils/controls/control.spec.ts"},{"assertionResults":[{"ancestorTitles":["capitalizeFirstLetter"],"fullName":"capitalizeFirstLetter capitalizes first character and lowercases rest","status":"passed","title":"capitalizes first character and lowercases rest","duration":1.3065839999999298,"failureMessages":[],"meta":{}},{"ancestorTitles":["capitalizeFirstLetter"],"fullName":"capitalizeFirstLetter returns same value for empty-like inputs","status":"passed","title":"returns same value for empty-like inputs","duration":0.4049590000001899,"failureMessages":[],"meta":{}}],"startTime":1771370525567,"endTime":1771370525569.405,"status":"passed","message":"","name":"/Users/gregor/Projects/iamgld/iamgld-ui/projects/iamgld-ui-lib/src/lib/utils/string/string.spec.ts"}],"coverageMap":{"/Users/gregor/Projects/iamgld/iamgld-ui/projects/iamgld-ui-lib/src/lib/guards/is-logged/is-logged.guard.ts":{"path":"/Users/gregor/Projects/iamgld/iamgld-ui/projects/iamgld-ui-lib/src/lib/guards/is-logged/is-logged.guard.ts","statementMap":{"0":{"start":{"line":10,"column":39},"end":{"line":39,"column":null}},"1":{"start":{"line":12,"column":8},"end":{"line":12,"column":null}},"2":{"start":{"line":13,"column":8},"end":{"line":13,"column":null}},"3":{"start":{"line":14,"column":8},"end":{"line":14,"column":null}},"4":{"start":{"line":17,"column":20},"end":{"line":17,"column":null}},"5":{"start":{"line":18,"column":2},"end":{"line":18,"column":null}},"6":{"start":{"line":18,"column":18},"end":{"line":18,"column":null}},"7":{"start":{"line":20,"column":30},"end":{"line":20,"column":null}},"8":{"start":{"line":21,"column":31},"end":{"line":21,"column":null}},"9":{"start":{"line":23,"column":2},"end":{"line":38,"column":null}},"10":{"start":{"line":24,"column":4},"end":{"line":26,"column":null}},"11":{"start":{"line":25,"column":6},"end":{"line":25,"column":null}},"12":{"start":{"line":27,"column":4},"end":{"line":27,"column":null}},"13":{"start":{"line":29,"column":4},"end":{"line":31,"column":null}},"14":{"start":{"line":33,"column":4},"end":{"line":35,"column":null}},"15":{"start":{"line":34,"column":6},"end":{"line":34,"column":null}},"16":{"start":{"line":36,"column":4},"end":{"line":36,"column":null}},"17":{"start":{"line":37,"column":4},"end":{"line":37,"column":null}}},"fnMap":{"0":{"name":"(anonymous_0)","decl":{"start":{"line":10,"column":39},"end":{"line":10,"column":45}},"loc":{"start":{"line":10,"column":45},"end":{"line":39,"column":null}},"line":10}},"branchMap":{"0":{"loc":{"start":{"line":18,"column":2},"end":{"line":18,"column":null}},"type":"if","locations":[{"start":{"line":18,"column":2},"end":{"line":18,"column":null}},{"start":{},"end":{}}],"line":18},"1":{"loc":{"start":{"line":23,"column":2},"end":{"line":38,"column":null}},"type":"if","locations":[{"start":{"line":23,"column":2},"end":{"line":38,"column":null}},{"start":{"line":28,"column":9},"end":{"line":38,"column":null}}],"line":23},"2":{"loc":{"start":{"line":23,"column":6},"end":{"line":23,"column":35}},"type":"binary-expr","locations":[{"start":{"line":23,"column":6},"end":{"line":23,"column":21}},{"start":{"line":23,"column":21},"end":{"line":23,"column":35}}],"line":23},"3":{"loc":{"start":{"line":24,"column":4},"end":{"line":26,"column":null}},"type":"if","locations":[{"start":{"line":24,"column":4},"end":{"line":26,"column":null}},{"start":{},"end":{}}],"line":24},"4":{"loc":{"start":{"line":33,"column":4},"end":{"line":35,"column":null}},"type":"if","locations":[{"start":{"line":33,"column":4},"end":{"line":35,"column":null}},{"start":{},"end":{}}],"line":33}},"s":{"0":2,"1":5,"2":5,"3":5,"4":5,"5":5,"6":1,"7":4,"8":4,"9":4,"10":2,"11":1,"12":2,"13":2,"14":2,"15":1,"16":2,"17":2},"f":{"0":5},"b":{"0":[1,4],"1":[2,2],"2":[4,2],"3":[1,1],"4":[1,1]},"meta":{"lastBranch":5,"lastFunction":1,"lastStatement":18,"seen":{"s:10:39:39:Infinity":0,"f:10:39:10:45":0,"s:12:8:12:Infinity":1,"s:13:8:13:Infinity":2,"s:14:8:14:Infinity":3,"s:17:20:17:Infinity":4,"b:18:2:18:Infinity:undefined:undefined:undefined:undefined":0,"s:18:2:18:Infinity":5,"s:18:18:18:Infinity":6,"s:20:30:20:Infinity":7,"s:21:31:21:Infinity":8,"b:23:2:38:Infinity:28:9:38:Infinity":1,"s:23:2:38:Infinity":9,"b:23:6:23:21:23:21:23:35":2,"b:24:4:26:Infinity:undefined:undefined:undefined:undefined":3,"s:24:4:26:Infinity":10,"s:25:6:25:Infinity":11,"s:27:4:27:Infinity":12,"s:29:4:31:Infinity":13,"b:33:4:35:Infinity:undefined:undefined:undefined:undefined":4,"s:33:4:35:Infinity":14,"s:34:6:34:Infinity":15,"s:36:4:36:Infinity":16,"s:37:4:37:Infinity":17}}},"/Users/gregor/Projects/iamgld/iamgld-ui/projects/iamgld-ui-lib/src/lib/services/custom-preload-strategy/custom-preload-strategy.service.ts":{"path":"/Users/gregor/Projects/iamgld/iamgld-ui/projects/iamgld-ui-lib/src/lib/services/custom-preload-strategy/custom-preload-strategy.service.ts","statementMap":{"0":{"start":{"line":9,"column":7},"end":{"line":17,"column":null}},"1":{"start":{"line":11,"column":4},"end":{"line":14,"column":null}},"2":{"start":{"line":12,"column":6},"end":{"line":12,"column":null}},"3":{"start":{"line":13,"column":6},"end":{"line":13,"column":null}},"4":{"start":{"line":15,"column":4},"end":{"line":15,"column":null}},"5":{"start":{"line":9,"column":13},"end":{"line":9,"column":68}}},"fnMap":{"0":{"name":"(anonymous_0)","decl":{"start":{"line":10,"column":9},"end":{"line":10,"column":17}},"loc":{"start":{"line":10,"column":86},"end":{"line":16,"column":null}},"line":10}},"branchMap":{"0":{"loc":{"start":{"line":11,"column":4},"end":{"line":14,"column":null}},"type":"if","locations":[{"start":{"line":11,"column":4},"end":{"line":14,"column":null}},{"start":{},"end":{}}],"line":11},"1":{"loc":{"start":{"line":11,"column":8},"end":{"line":11,"column":54}},"type":"binary-expr","locations":[{"start":{"line":11,"column":8},"end":{"line":11,"column":17}},{"start":{"line":11,"column":17},"end":{"line":11,"column":31}},{"start":{"line":11,"column":31},"end":{"line":11,"column":54}}],"line":11}},"s":{"0":6,"1":3,"2":1,"3":1,"4":2,"5":6},"f":{"0":3},"b":{"0":[1,2],"1":[3,3,2]},"meta":{"lastBranch":2,"lastFunction":1,"lastStatement":6,"seen":{"s:9:7:17:Infinity":0,"f:10:9:10:17":0,"b:11:4:14:Infinity:undefined:undefined:undefined:undefined":0,"s:11:4:14:Infinity":1,"b:11:8:11:17:11:17:11:31:11:31:11:54":1,"s:12:6:12:Infinity":2,"s:13:6:13:Infinity":3,"s:15:4:15:Infinity":4,"s:9:13:9:68":5}}},"/Users/gregor/Projects/iamgld/iamgld-ui/projects/iamgld-ui-lib/src/lib/services/environments/environments.service.ts":{"path":"/Users/gregor/Projects/iamgld/iamgld-ui/projects/iamgld-ui-lib/src/lib/services/environments/environments.service.ts","statementMap":{"0":{"start":{"line":8,"column":7},"end":{"line":18,"column":null}},"1":{"start":{"line":9,"column":2},"end":{"line":9,"column":null}},"2":{"start":{"line":12,"column":4},"end":{"line":12,"column":null}},"3":{"start":{"line":16,"column":4},"end":{"line":16,"column":null}},"4":{"start":{"line":8,"column":13},"end":{"line":8,"column":26}}},"fnMap":{"0":{"name":"(anonymous_0)","decl":{"start":{"line":8,"column":7},"end":{"line":8,"column":13}},"loc":{"start":{"line":8,"column":7},"end":{"line":9,"column":null}},"line":8},"1":{"name":"(anonymous_1)","decl":{"start":{"line":11,"column":9},"end":{"line":11,"column":39}},"loc":{"start":{"line":11,"column":39},"end":{"line":13,"column":null}},"line":11},"2":{"name":"(anonymous_2)","decl":{"start":{"line":15,"column":9},"end":{"line":15,"column":48}},"loc":{"start":{"line":15,"column":48},"end":{"line":17,"column":null}},"line":15}},"branchMap":{},"s":{"0":6,"1":1,"2":1,"3":1,"4":6},"f":{"0":1,"1":1,"2":1},"b":{},"meta":{"lastBranch":0,"lastFunction":3,"lastStatement":5,"seen":{"s:8:7:18:Infinity":0,"f:8:7:8:13":0,"s:9:2:9:Infinity":1,"f:11:9:11:39":1,"s:12:4:12:Infinity":2,"f:15:9:15:48":2,"s:16:4:16:Infinity":3,"s:8:13:8:26":4}}},"/Users/gregor/Projects/iamgld/iamgld-ui/projects/iamgld-ui-lib/src/lib/services/theme/theme.service.ts":{"path":"/Users/gregor/Projects/iamgld/iamgld-ui/projects/iamgld-ui-lib/src/lib/services/theme/theme.service.ts","statementMap":{"0":{"start":{"line":7,"column":7},"end":{"line":25,"column":null}},"1":{"start":{"line":8,"column":2},"end":{"line":8,"column":null}},"2":{"start":{"line":11,"column":2},"end":{"line":11,"column":null}},"3":{"start":{"line":14,"column":4},"end":{"line":14,"column":null}},"4":{"start":{"line":18,"column":4},"end":{"line":23,"column":null}},"5":{"start":{"line":20,"column":6},"end":{"line":20,"column":null}},"6":{"start":{"line":20,"column":45},"end":{"line":20,"column":92}},"7":{"start":{"line":22,"column":6},"end":{"line":22,"column":null}},"8":{"start":{"line":7,"column":13},"end":{"line":7,"column":19}}},"fnMap":{"0":{"name":"(anonymous_0)","decl":{"start":{"line":13,"column":2},"end":{"line":13,"column":16}},"loc":{"start":{"line":13,"column":16},"end":{"line":15,"column":null}},"line":13},"1":{"name":"(anonymous_1)","decl":{"start":{"line":17,"column":9},"end":{"line":17,"column":21}},"loc":{"start":{"line":17,"column":43},"end":{"line":24,"column":null}},"line":17},"2":{"name":"(anonymous_2)","decl":{"start":{"line":20,"column":25},"end":{"line":20,"column":26}},"loc":{"start":{"line":20,"column":45},"end":{"line":20,"column":92}},"line":20}},"branchMap":{"0":{"loc":{"start":{"line":18,"column":4},"end":{"line":23,"column":null}},"type":"if","locations":[{"start":{"line":18,"column":4},"end":{"line":23,"column":null}},{"start":{},"end":{}}],"line":18},"1":{"loc":{"start":{"line":18,"column":8},"end":{"line":18,"column":35}},"type":"binary-expr","locations":[{"start":{"line":18,"column":8},"end":{"line":18,"column":20}},{"start":{"line":18,"column":20},"end":{"line":18,"column":35}}],"line":18}},"s":{"0":6,"1":2,"2":2,"3":2,"4":2,"5":1,"6":3,"7":1,"8":6},"f":{"0":2,"1":2,"2":3},"b":{"0":[1,1],"1":[2,2]},"meta":{"lastBranch":2,"lastFunction":3,"lastStatement":9,"seen":{"s:7:7:25:Infinity":0,"f:13:2:13:16":0,"s:8:2:8:Infinity":1,"s:11:2:11:Infinity":2,"s:14:4:14:Infinity":3,"f:17:9:17:21":1,"b:18:4:23:Infinity:undefined:undefined:undefined:undefined":0,"s:18:4:23:Infinity":4,"b:18:8:18:20:18:20:18:35":1,"s:20:6:20:Infinity":5,"f:20:25:20:26":2,"s:20:45:20:92":6,"s:22:6:22:Infinity":7,"s:7:13:7:19":8}}},"/Users/gregor/Projects/iamgld/iamgld-ui/projects/iamgld-ui-lib/src/lib/services/transloco/transloco.service.ts":{"path":"/Users/gregor/Projects/iamgld/iamgld-ui/projects/iamgld-ui-lib/src/lib/services/transloco/transloco.service.ts","statementMap":{"0":{"start":{"line":15,"column":7},"end":{"line":25,"column":null}},"1":{"start":{"line":16,"column":2},"end":{"line":16,"column":null}},"2":{"start":{"line":19,"column":4},"end":{"line":19,"column":null}},"3":{"start":{"line":23,"column":4},"end":{"line":23,"column":null}},"4":{"start":{"line":15,"column":13},"end":{"line":15,"column":23}},"5":{"start":{"line":28,"column":7},"end":{"line":34,"column":null}},"6":{"start":{"line":29,"column":2},"end":{"line":29,"column":null}},"7":{"start":{"line":32,"column":4},"end":{"line":32,"column":null}},"8":{"start":{"line":28,"column":13},"end":{"line":28,"column":60}}},"fnMap":{"0":{"name":"(anonymous_0)","decl":{"start":{"line":15,"column":7},"end":{"line":15,"column":13}},"loc":{"start":{"line":15,"column":7},"end":{"line":16,"column":null}},"line":15},"1":{"name":"(anonymous_1)","decl":{"start":{"line":18,"column":9},"end":{"line":18,"column":24}},"loc":{"start":{"line":18,"column":56},"end":{"line":20,"column":null}},"line":18},"2":{"name":"(anonymous_2)","decl":{"start":{"line":22,"column":9},"end":{"line":22,"column":45}},"loc":{"start":{"line":22,"column":45},"end":{"line":24,"column":null}},"line":22},"3":{"name":"(anonymous_3)","decl":{"start":{"line":28,"column":7},"end":{"line":28,"column":13}},"loc":{"start":{"line":28,"column":7},"end":{"line":29,"column":null}},"line":28},"4":{"name":"(anonymous_4)","decl":{"start":{"line":31,"column":9},"end":{"line":31,"column":24}},"loc":{"start":{"line":31,"column":38},"end":{"line":33,"column":null}},"line":31}},"branchMap":{},"s":{"0":6,"1":1,"2":1,"3":1,"4":6,"5":6,"6":1,"7":1,"8":6},"f":{"0":1,"1":1,"2":1,"3":1,"4":1},"b":{},"meta":{"lastBranch":0,"lastFunction":5,"lastStatement":9,"seen":{"s:15:7:25:Infinity":0,"f:15:7:15:13":0,"s:16:2:16:Infinity":1,"f:18:9:18:24":1,"s:19:4:19:Infinity":2,"f:22:9:22:45":2,"s:23:4:23:Infinity":3,"s:15:13:15:23":4,"s:28:7:34:Infinity":5,"f:28:7:28:13":3,"s:29:2:29:Infinity":6,"f:31:9:31:24":4,"s:32:4:32:Infinity":7,"s:28:13:28:60":8}}},"/Users/gregor/Projects/iamgld/iamgld-ui/projects/iamgld-ui-lib/src/lib/services/authentication/authentication.service.ts":{"path":"/Users/gregor/Projects/iamgld/iamgld-ui/projects/iamgld-ui-lib/src/lib/services/authentication/authentication.service.ts","statementMap":{"0":{"start":{"line":14,"column":7},"end":{"line":90,"column":null}},"1":{"start":{"line":15,"column":2},"end":{"line":15,"column":null}},"2":{"start":{"line":16,"column":2},"end":{"line":16,"column":null}},"3":{"start":{"line":17,"column":2},"end":{"line":17,"column":null}},"4":{"start":{"line":18,"column":2},"end":{"line":18,"column":null}},"5":{"start":{"line":20,"column":2},"end":{"line":20,"column":null}},"6":{"start":{"line":20,"column":46},"end":{"line":20,"column":72}},"7":{"start":{"line":23,"column":32},"end":{"line":23,"column":null}},"8":{"start":{"line":25,"column":16},"end":{"line":25,"column":null}},"9":{"start":{"line":27,"column":20},"end":{"line":30,"column":null}},"10":{"start":{"line":32,"column":4},"end":{"line":45,"column":null}},"11":{"start":{"line":34,"column":8},"end":{"line":43,"column":null}},"12":{"start":{"line":35,"column":10},"end":{"line":38,"column":null}},"13":{"start":{"line":40,"column":10},"end":{"line":42,"column":null}},"14":{"start":{"line":49,"column":29},"end":{"line":49,"column":null}},"15":{"start":{"line":51,"column":16},"end":{"line":51,"column":null}},"16":{"start":{"line":53,"column":20},"end":{"line":55,"column":null}},"17":{"start":{"line":57,"column":4},"end":{"line":88,"column":null}},"18":{"start":{"line":59,"column":8},"end":{"line":69,"column":null}},"19":{"start":{"line":66,"column":10},"end":{"line":66,"column":null}},"20":{"start":{"line":67,"column":10},"end":{"line":67,"column":null}},"21":{"start":{"line":68,"column":10},"end":{"line":68,"column":null}},"22":{"start":{"line":68,"column":34},"end":{"line":68,"column":84}},"23":{"start":{"line":71,"column":8},"end":{"line":71,"column":null}},"24":{"start":{"line":71,"column":32},"end":{"line":71,"column":37}},"25":{"start":{"line":74,"column":8},"end":{"line":86,"column":null}},"26":{"start":{"line":75,"column":10},"end":{"line":79,"column":null}},"27":{"start":{"line":81,"column":10},"end":{"line":81,"column":null}},"28":{"start":{"line":82,"column":10},"end":{"line":82,"column":null}},"29":{"start":{"line":83,"column":10},"end":{"line":85,"column":null}},"30":{"start":{"line":14,"column":13},"end":{"line":14,"column":28}}},"fnMap":{"0":{"name":"(anonymous_0)","decl":{"start":{"line":14,"column":7},"end":{"line":14,"column":13}},"loc":{"start":{"line":14,"column":7},"end":{"line":20,"column":null}},"line":14},"1":{"name":"(anonymous_1)","decl":{"start":{"line":20,"column":40},"end":{"line":20,"column":46}},"loc":{"start":{"line":20,"column":46},"end":{"line":20,"column":72}},"line":20},"2":{"name":"(anonymous_2)","decl":{"start":{"line":22,"column":9},"end":{"line":22,"column":16}},"loc":{"start":{"line":22,"column":83},"end":{"line":46,"column":null}},"line":22},"3":{"name":"(anonymous_3)","decl":{"start":{"line":33,"column":10},"end":{"line":33,"column":11}},"loc":{"start":{"line":33,"column":24},"end":{"line":44,"column":7}},"line":33},"4":{"name":"(anonymous_4)","decl":{"start":{"line":48,"column":9},"end":{"line":48,"column":28}},"loc":{"start":{"line":48,"column":84},"end":{"line":89,"column":null}},"line":48},"5":{"name":"(anonymous_5)","decl":{"start":{"line":58,"column":17},"end":{"line":58,"column":18}},"loc":{"start":{"line":58,"column":28},"end":{"line":72,"column":7}},"line":58},"6":{"name":"(anonymous_6)","decl":{"start":{"line":68,"column":28},"end":{"line":68,"column":34}},"loc":{"start":{"line":68,"column":34},"end":{"line":68,"column":84}},"line":68},"7":{"name":"(anonymous_7)","decl":{"start":{"line":71,"column":26},"end":{"line":71,"column":32}},"loc":{"start":{"line":71,"column":32},"end":{"line":71,"column":37}},"line":71},"8":{"name":"(anonymous_8)","decl":{"start":{"line":73,"column":10},"end":{"line":73,"column":11}},"loc":{"start":{"line":73,"column":24},"end":{"line":87,"column":7}},"line":73}},"branchMap":{"0":{"loc":{"start":{"line":34,"column":8},"end":{"line":43,"column":null}},"type":"if","locations":[{"start":{"line":34,"column":8},"end":{"line":43,"column":null}},{"start":{"line":39,"column":15},"end":{"line":43,"column":null}}],"line":34},"1":{"loc":{"start":{"line":34,"column":12},"end":{"line":34,"column":71}},"type":"binary-expr","locations":[{"start":{"line":34,"column":12},"end":{"line":34,"column":24}},{"start":{"line":34,"column":24},"end":{"line":34,"column":48}},{"start":{"line":34,"column":48},"end":{"line":34,"column":71}}],"line":34},"2":{"loc":{"start":{"line":59,"column":8},"end":{"line":69,"column":null}},"type":"if","locations":[{"start":{"line":59,"column":8},"end":{"line":69,"column":null}},{"start":{},"end":{}}],"line":59},"3":{"loc":{"start":{"line":60,"column":10},"end":{"line":63,"column":null}},"type":"binary-expr","locations":[{"start":{"line":60,"column":10},"end":{"line":60,"column":null}},{"start":{"line":61,"column":10},"end":{"line":61,"column":null}},{"start":{"line":62,"column":10},"end":{"line":62,"column":null}},{"start":{"line":63,"column":10},"end":{"line":63,"column":null}}],"line":60},"4":{"loc":{"start":{"line":74,"column":8},"end":{"line":86,"column":null}},"type":"if","locations":[{"start":{"line":74,"column":8},"end":{"line":86,"column":null}},{"start":{"line":80,"column":15},"end":{"line":86,"column":null}}],"line":74},"5":{"loc":{"start":{"line":74,"column":12},"end":{"line":74,"column":71}},"type":"binary-expr","locations":[{"start":{"line":74,"column":12},"end":{"line":74,"column":24}},{"start":{"line":74,"column":24},"end":{"line":74,"column":48}},{"start":{"line":74,"column":48},"end":{"line":74,"column":71}}],"line":74}},"s":{"0":5,"1":7,"2":7,"3":7,"4":7,"5":7,"6":7,"7":3,"8":3,"9":3,"10":3,"11":2,"12":1,"13":1,"14":4,"15":4,"16":4,"17":4,"18":2,"19":1,"20":1,"21":1,"22":1,"23":1,"24":1,"25":2,"26":1,"27":1,"28":1,"29":1,"30":5},"f":{"0":7,"1":7,"2":3,"3":2,"4":4,"5":2,"6":1,"7":1,"8":2},"b":{"0":[1,1],"1":[2,2,2],"2":[1,1],"3":[2,2,2,1],"4":[1,1],"5":[2,1,1]},"meta":{"lastBranch":6,"lastFunction":9,"lastStatement":31,"seen":{"s:14:7:90:Infinity":0,"f:14:7:14:13":0,"s:15:2:15:Infinity":1,"s:16:2:16:Infinity":2,"s:17:2:17:Infinity":3,"s:18:2:18:Infinity":4,"s:20:2:20:Infinity":5,"f:20:40:20:46":1,"s:20:46:20:72":6,"f:22:9:22:16":2,"s:23:32:23:Infinity":7,"s:25:16:25:Infinity":8,"s:27:20:30:Infinity":9,"s:32:4:45:Infinity":10,"f:33:10:33:11":3,"b:34:8:43:Infinity:39:15:43:Infinity":0,"s:34:8:43:Infinity":11,"b:34:12:34:24:34:24:34:48:34:48:34:71":1,"s:35:10:38:Infinity":12,"s:40:10:42:Infinity":13,"f:48:9:48:28":4,"s:49:29:49:Infinity":14,"s:51:16:51:Infinity":15,"s:53:20:55:Infinity":16,"s:57:4:88:Infinity":17,"f:58:17:58:18":5,"b:59:8:69:Infinity:undefined:undefined:undefined:undefined":2,"s:59:8:69:Infinity":18,"b:60:10:60:Infinity:61:10:61:Infinity:62:10:62:Infinity:63:10:63:Infinity":3,"s:66:10:66:Infinity":19,"s:67:10:67:Infinity":20,"s:68:10:68:Infinity":21,"f:68:28:68:34":6,"s:68:34:68:84":22,"s:71:8:71:Infinity":23,"f:71:26:71:32":7,"s:71:32:71:37":24,"f:73:10:73:11":8,"b:74:8:86:Infinity:80:15:86:Infinity":4,"s:74:8:86:Infinity":25,"b:74:12:74:24:74:24:74:48:74:48:74:71":5,"s:75:10:79:Infinity":26,"s:81:10:81:Infinity":27,"s:82:10:82:Infinity":28,"s:83:10:85:Infinity":29,"s:14:13:14:28":30}}},"/Users/gregor/Projects/iamgld/iamgld-ui/projects/iamgld-ui-lib/src/lib/stores/authentication/authentication-store.ts":{"path":"/Users/gregor/Projects/iamgld/iamgld-ui/projects/iamgld-ui-lib/src/lib/stores/authentication/authentication-store.ts","statementMap":{"0":{"start":{"line":15,"column":63},"end":{"line":19,"column":null}},"1":{"start":{"line":21,"column":13},"end":{"line":55,"column":null}},"2":{"start":{"line":23,"column":66},"end":{"line":54,"column":4}},"3":{"start":{"line":29,"column":63},"end":{"line":29,"column":null}},"4":{"start":{"line":31,"column":6},"end":{"line":34,"column":null}},"5":{"start":{"line":32,"column":8},"end":{"line":32,"column":null}},"6":{"start":{"line":33,"column":8},"end":{"line":33,"column":null}},"7":{"start":{"line":36,"column":6},"end":{"line":41,"column":null}},"8":{"start":{"line":36,"column":60},"end":{"line":41,"column":8}},"9":{"start":{"line":44,"column":6},"end":{"line":44,"column":null}},"10":{"start":{"line":45,"column":6},"end":{"line":45,"column":null}},"11":{"start":{"line":47,"column":6},"end":{"line":52,"column":null}},"12":{"start":{"line":47,"column":60},"end":{"line":52,"column":8}}},"fnMap":{"0":{"name":"(anonymous_0)","decl":{"start":{"line":23,"column":14},"end":{"line":23,"column":15}},"loc":{"start":{"line":23,"column":66},"end":{"line":54,"column":4}},"line":23},"1":{"name":"(anonymous_1)","decl":{"start":{"line":24,"column":12},"end":{"line":24,"column":13}},"loc":{"start":{"line":28,"column":16},"end":{"line":42,"column":null}},"line":28},"2":{"name":"(anonymous_2)","decl":{"start":{"line":36,"column":24},"end":{"line":36,"column":25}},"loc":{"start":{"line":36,"column":60},"end":{"line":41,"column":8}},"line":36},"3":{"name":"(anonymous_3)","decl":{"start":{"line":43,"column":13},"end":{"line":43,"column":25}},"loc":{"start":{"line":43,"column":25},"end":{"line":53,"column":null}},"line":43},"4":{"name":"(anonymous_4)","decl":{"start":{"line":47,"column":24},"end":{"line":47,"column":25}},"loc":{"start":{"line":47,"column":60},"end":{"line":52,"column":8}},"line":47}},"branchMap":{"0":{"loc":{"start":{"line":23,"column":22},"end":{"line":23,"column":66}},"type":"default-arg","locations":[{"start":{"line":23,"column":22},"end":{"line":23,"column":66}}],"line":23},"1":{"loc":{"start":{"line":29,"column":41},"end":{"line":29,"column":59}},"type":"default-arg","locations":[{"start":{"line":29,"column":54},"end":{"line":29,"column":59}}],"line":29},"2":{"loc":{"start":{"line":31,"column":6},"end":{"line":34,"column":null}},"type":"if","locations":[{"start":{"line":31,"column":6},"end":{"line":34,"column":null}},{"start":{},"end":{}}],"line":31}},"s":{"0":5,"1":5,"2":2,"3":2,"4":2,"5":1,"6":1,"7":2,"8":2,"9":1,"10":1,"11":1,"12":1},"f":{"0":2,"1":2,"2":2,"3":1,"4":1},"b":{"0":[2],"1":[2],"2":[1,1]},"meta":{"lastBranch":3,"lastFunction":5,"lastStatement":13,"seen":{"s:15:63:19:Infinity":0,"s:21:13:55:Infinity":1,"f:23:14:23:15":0,"s:23:66:54:4":2,"b:23:22:23:66":0,"f:24:12:24:13":1,"s:29:63:29:Infinity":3,"b:29:54:29:59":1,"b:31:6:34:Infinity:undefined:undefined:undefined:undefined":2,"s:31:6:34:Infinity":4,"s:32:8:32:Infinity":5,"s:33:8:33:Infinity":6,"s:36:6:41:Infinity":7,"f:36:24:36:25":2,"s:36:60:41:8":8,"f:43:13:43:25":3,"s:44:6:44:Infinity":9,"s:45:6:45:Infinity":10,"s:47:6:52:Infinity":11,"f:47:24:47:25":4,"s:47:60:52:8":12}}},"/Users/gregor/Projects/iamgld/iamgld-ui/projects/iamgld-ui-lib/src/lib/utils/string/string.ts":{"path":"/Users/gregor/Projects/iamgld/iamgld-ui/projects/iamgld-ui-lib/src/lib/utils/string/string.ts","statementMap":{"0":{"start":{"line":2,"column":2},"end":{"line":2,"column":null}},"1":{"start":{"line":2,"column":14},"end":{"line":2,"column":null}},"2":{"start":{"line":3,"column":2},"end":{"line":3,"column":null}}},"fnMap":{"0":{"name":"capitalizeFirstLetter","decl":{"start":{"line":1,"column":16},"end":{"line":1,"column":38}},"loc":{"start":{"line":1,"column":61},"end":{"line":4,"column":null}},"line":1}},"branchMap":{"0":{"loc":{"start":{"line":2,"column":2},"end":{"line":2,"column":null}},"type":"if","locations":[{"start":{"line":2,"column":2},"end":{"line":2,"column":null}},{"start":{},"end":{}}],"line":2}},"s":{"0":4,"1":3,"2":1},"f":{"0":4},"b":{"0":[3,1]},"meta":{"lastBranch":1,"lastFunction":1,"lastStatement":3,"seen":{"f:1:16:1:38":0,"b:2:2:2:Infinity:undefined:undefined:undefined:undefined":0,"s:2:2:2:Infinity":0,"s:2:14:2:Infinity":1,"s:3:2:3:Infinity":2}}},"/Users/gregor/Projects/iamgld/iamgld-ui/projects/iamgld-ui-lib/src/lib/utils/controls/control.ts":{"path":"/Users/gregor/Projects/iamgld/iamgld-ui/projects/iamgld-ui-lib/src/lib/utils/controls/control.ts","statementMap":{"0":{"start":{"line":2,"column":2},"end":{"line":2,"column":null}},"1":{"start":{"line":2,"column":14},"end":{"line":2,"column":null}},"2":{"start":{"line":4,"column":19},"end":{"line":4,"column":null}},"3":{"start":{"line":5,"column":32},"end":{"line":5,"column":null}},"4":{"start":{"line":6,"column":2},"end":{"line":14,"column":null}},"5":{"start":{"line":7,"column":24},"end":{"line":7,"column":null}},"6":{"start":{"line":8,"column":4},"end":{"line":13,"column":null}},"7":{"start":{"line":8,"column":58},"end":{"line":8,"column":null}},"8":{"start":{"line":10,"column":6},"end":{"line":10,"column":null}},"9":{"start":{"line":11,"column":6},"end":{"line":11,"column":null}},"10":{"start":{"line":12,"column":6},"end":{"line":12,"column":null}},"11":{"start":{"line":15,"column":2},"end":{"line":15,"column":null}}},"fnMap":{"0":{"name":"updateValueWithMask","decl":{"start":{"line":1,"column":16},"end":{"line":1,"column":36}},"loc":{"start":{"line":1,"column":94},"end":{"line":16,"column":null}},"line":1},"1":{"name":"(anonymous_1)","decl":{"start":{"line":6,"column":22},"end":{"line":6,"column":23}},"loc":{"start":{"line":6,"column":44},"end":{"line":14,"column":3}},"line":6}},"branchMap":{"0":{"loc":{"start":{"line":2,"column":2},"end":{"line":2,"column":null}},"type":"if","locations":[{"start":{"line":2,"column":2},"end":{"line":2,"column":null}},{"start":{},"end":{}}],"line":2},"1":{"loc":{"start":{"line":8,"column":4},"end":{"line":13,"column":null}},"type":"if","locations":[{"start":{"line":8,"column":4},"end":{"line":13,"column":null}},{"start":{"line":9,"column":9},"end":{"line":13,"column":null}}],"line":8},"2":{"loc":{"start":{"line":8,"column":8},"end":{"line":8,"column":58}},"type":"binary-expr","locations":[{"start":{"line":8,"column":8},"end":{"line":8,"column":31}},{"start":{"line":8,"column":31},"end":{"line":8,"column":58}}],"line":8}},"s":{"0":4,"1":2,"2":2,"3":2,"4":2,"5":9,"6":9,"7":8,"8":1,"9":1,"10":1,"11":2},"f":{"0":4,"1":9},"b":{"0":[2,2],"1":[8,1],"2":[9,2]},"meta":{"lastBranch":3,"lastFunction":2,"lastStatement":12,"seen":{"f:1:16:1:36":0,"b:2:2:2:Infinity:undefined:undefined:undefined:undefined":0,"s:2:2:2:Infinity":0,"s:2:14:2:Infinity":1,"s:4:19:4:Infinity":2,"s:5:32:5:Infinity":3,"s:6:2:14:Infinity":4,"f:6:22:6:23":1,"s:7:24:7:Infinity":5,"b:8:4:13:Infinity:9:9:13:Infinity":1,"s:8:4:13:Infinity":6,"b:8:8:8:31:8:31:8:58":2,"s:8:58:8:Infinity":7,"s:10:6:10:Infinity":8,"s:11:6:11:Infinity":9,"s:12:6:12:Infinity":10,"s:15:2:15:Infinity":11}}},"/Users/gregor/Projects/iamgld/iamgld-ui/projects/iamgld-ui-lib/src/lib/stores/theme/theme-store.ts":{"path":"/Users/gregor/Projects/iamgld/iamgld-ui/projects/iamgld-ui-lib/src/lib/stores/theme/theme-store.ts","statementMap":{"0":{"start":{"line":20,"column":45},"end":{"line":23,"column":null}},"1":{"start":{"line":25,"column":13},"end":{"line":46,"column":null}},"2":{"start":{"line":29,"column":3},"end":{"line":31,"column":null}},"3":{"start":{"line":34,"column":55},"end":{"line":45,"column":3}},"4":{"start":{"line":42,"column":3},"end":{"line":42,"column":null}},"5":{"start":{"line":43,"column":3},"end":{"line":43,"column":null}},"6":{"start":{"line":43,"column":28},"end":{"line":43,"column":49}}},"fnMap":{"0":{"name":"(anonymous_0)","decl":{"start":{"line":28,"column":2},"end":{"line":28,"column":9}},"loc":{"start":{"line":28,"column":16},"end":{"line":32,"column":null}},"line":28},"1":{"name":"(anonymous_1)","decl":{"start":{"line":29,"column":21},"end":{"line":29,"column":27}},"loc":{"start":{"line":29,"column":27},"end":{"line":31,"column":4}},"line":29},"2":{"name":"(anonymous_2)","decl":{"start":{"line":34,"column":13},"end":{"line":34,"column":14}},"loc":{"start":{"line":34,"column":55},"end":{"line":45,"column":3}},"line":34},"3":{"name":"(anonymous_3)","decl":{"start":{"line":35,"column":15},"end":{"line":35,"column":16}},"loc":{"start":{"line":41,"column":14},"end":{"line":44,"column":null}},"line":41},"4":{"name":"(anonymous_4)","decl":{"start":{"line":43,"column":21},"end":{"line":43,"column":28}},"loc":{"start":{"line":43,"column":28},"end":{"line":43,"column":49}},"line":43}},"branchMap":{"0":{"loc":{"start":{"line":34,"column":21},"end":{"line":34,"column":55}},"type":"default-arg","locations":[{"start":{"line":34,"column":21},"end":{"line":34,"column":55}}],"line":34}},"s":{"0":5,"1":5,"2":1,"3":1,"4":1,"5":1,"6":1},"f":{"0":1,"1":2,"2":1,"3":1,"4":1},"b":{"0":[1]},"meta":{"lastBranch":1,"lastFunction":5,"lastStatement":7,"seen":{"s:20:45:23:Infinity":0,"s:25:13:46:Infinity":1,"f:28:2:28:9":0,"s:29:3:31:Infinity":2,"f:29:21:29:27":1,"f:34:13:34:14":2,"s:34:55:45:3":3,"b:34:21:34:55":0,"f:35:15:35:16":3,"s:42:3:42:Infinity":4,"s:43:3:43:Infinity":5,"f:43:21:43:28":4,"s:43:28:43:49":6}}},"/Users/gregor/Projects/iamgld/iamgld-ui/projects/iamgld-ui-lib/src/lib/validators/is-date/is-date.ts":{"path":"/Users/gregor/Projects/iamgld/iamgld-ui/projects/iamgld-ui-lib/src/lib/validators/is-date/is-date.ts","statementMap":{"0":{"start":{"line":7,"column":23},"end":{"line":7,"column":null}},"1":{"start":{"line":10,"column":2},"end":{"line":29,"column":null}},"2":{"start":{"line":12,"column":18},"end":{"line":12,"column":null}},"3":{"start":{"line":14,"column":4},"end":{"line":14,"column":null}},"4":{"start":{"line":14,"column":16},"end":{"line":14,"column":null}},"5":{"start":{"line":16,"column":4},"end":{"line":19,"column":null}},"6":{"start":{"line":17,"column":6},"end":{"line":19,"column":null}},"7":{"start":{"line":22,"column":31},"end":{"line":22,"column":null}},"8":{"start":{"line":23,"column":17},"end":{"line":23,"column":null}},"9":{"start":{"line":26,"column":4},"end":{"line":27,"column":null}},"10":{"start":{"line":27,"column":6},"end":{"line":27,"column":null}},"11":{"start":{"line":28,"column":4},"end":{"line":28,"column":null}}},"fnMap":{"0":{"name":"isDate","decl":{"start":{"line":9,"column":16},"end":{"line":9,"column":38}},"loc":{"start":{"line":9,"column":38},"end":{"line":30,"column":null}},"line":9},"1":{"name":"(anonymous_1)","decl":{"start":{"line":10,"column":9},"end":{"line":10,"column":10}},"loc":{"start":{"line":10,"column":64},"end":{"line":29,"column":null}},"line":10}},"branchMap":{"0":{"loc":{"start":{"line":14,"column":4},"end":{"line":14,"column":null}},"type":"if","locations":[{"start":{"line":14,"column":4},"end":{"line":14,"column":null}},{"start":{},"end":{}}],"line":14},"1":{"loc":{"start":{"line":16,"column":4},"end":{"line":19,"column":null}},"type":"if","locations":[{"start":{"line":16,"column":4},"end":{"line":19,"column":null}},{"start":{},"end":{}}],"line":16},"2":{"loc":{"start":{"line":26,"column":4},"end":{"line":27,"column":null}},"type":"if","locations":[{"start":{"line":26,"column":4},"end":{"line":27,"column":null}},{"start":{},"end":{}}],"line":26},"3":{"loc":{"start":{"line":26,"column":8},"end":{"line":26,"column":null}},"type":"binary-expr","locations":[{"start":{"line":26,"column":8},"end":{"line":26,"column":39}},{"start":{"line":26,"column":39},"end":{"line":26,"column":72}},{"start":{"line":26,"column":72},"end":{"line":26,"column":null}}],"line":26}},"s":{"0":2,"1":1,"2":8,"3":8,"4":2,"5":6,"6":6,"7":4,"8":4,"9":4,"10":2,"11":2},"f":{"0":1,"1":8},"b":{"0":[2,6],"1":[2,4],"2":[2,2],"3":[4,4,2]},"meta":{"lastBranch":4,"lastFunction":2,"lastStatement":12,"seen":{"s:7:23:7:Infinity":0,"f:9:16:9:38":0,"s:10:2:29:Infinity":1,"f:10:9:10:10":1,"s:12:18:12:Infinity":2,"b:14:4:14:Infinity:undefined:undefined:undefined:undefined":0,"s:14:4:14:Infinity":3,"s:14:16:14:Infinity":4,"b:16:4:19:Infinity:undefined:undefined:undefined:undefined":1,"s:16:4:19:Infinity":5,"s:17:6:19:Infinity":6,"s:22:31:22:Infinity":7,"s:23:17:23:Infinity":8,"b:26:4:27:Infinity:undefined:undefined:undefined:undefined":2,"s:26:4:27:Infinity":9,"b:26:8:26:39:26:39:26:72:26:72:26:Infinity":3,"s:27:6:27:Infinity":10,"s:28:4:28:Infinity":11}}},"/Users/gregor/Projects/iamgld/iamgld-ui/projects/iamgld-ui-lib/src/lib/utils/date/date.ts":{"path":"/Users/gregor/Projects/iamgld/iamgld-ui/projects/iamgld-ui-lib/src/lib/utils/date/date.ts","statementMap":{"0":{"start":{"line":1,"column":27},"end":{"line":1,"column":null}},"1":{"start":{"line":2,"column":25},"end":{"line":2,"column":null}},"2":{"start":{"line":3,"column":25},"end":{"line":3,"column":null}},"3":{"start":{"line":4,"column":23},"end":{"line":4,"column":null}},"4":{"start":{"line":5,"column":23},"end":{"line":5,"column":null}},"5":{"start":{"line":8,"column":19},"end":{"line":8,"column":null}},"6":{"start":{"line":11,"column":2},"end":{"line":26,"column":null}},"7":{"start":{"line":13,"column":4},"end":{"line":17,"column":null}},"8":{"start":{"line":14,"column":17},"end":{"line":14,"column":null}},"9":{"start":{"line":15,"column":20},"end":{"line":15,"column":null}},"10":{"start":{"line":16,"column":6},"end":{"line":16,"column":null}},"11":{"start":{"line":19,"column":4},"end":{"line":23,"column":null}},"12":{"start":{"line":20,"column":17},"end":{"line":20,"column":null}},"13":{"start":{"line":21,"column":20},"end":{"line":21,"column":null}},"14":{"start":{"line":22,"column":6},"end":{"line":22,"column":null}},"15":{"start":{"line":25,"column":4},"end":{"line":25,"column":null}},"16":{"start":{"line":28,"column":22},"end":{"line":28,"column":null}},"17":{"start":{"line":31,"column":2},"end":{"line":31,"column":null}},"18":{"start":{"line":31,"column":20},"end":{"line":31,"column":null}},"19":{"start":{"line":34,"column":16},"end":{"line":34,"column":null}},"20":{"start":{"line":35,"column":2},"end":{"line":35,"column":null}},"21":{"start":{"line":39,"column":19},"end":{"line":39,"column":null}},"22":{"start":{"line":41,"column":22},"end":{"line":41,"column":null}},"23":{"start":{"line":43,"column":2},"end":{"line":43,"column":null}},"24":{"start":{"line":43,"column":20},"end":{"line":43,"column":null}},"25":{"start":{"line":46,"column":29},"end":{"line":46,"column":null}},"26":{"start":{"line":47,"column":16},"end":{"line":47,"column":null}},"27":{"start":{"line":49,"column":2},"end":{"line":49,"column":null}},"28":{"start":{"line":53,"column":19},"end":{"line":53,"column":null}},"29":{"start":{"line":56,"column":2},"end":{"line":56,"column":null}},"30":{"start":{"line":56,"column":13},"end":{"line":56,"column":null}},"31":{"start":{"line":57,"column":29},"end":{"line":57,"column":null}},"32":{"start":{"line":59,"column":2},"end":{"line":69,"column":null}},"33":{"start":{"line":69,"column":4},"end":{"line":69,"column":null}},"34":{"start":{"line":71,"column":16},"end":{"line":71,"column":null}},"35":{"start":{"line":73,"column":2},"end":{"line":73,"column":null}},"36":{"start":{"line":77,"column":19},"end":{"line":77,"column":null}},"37":{"start":{"line":79,"column":22},"end":{"line":79,"column":null}},"38":{"start":{"line":82,"column":2},"end":{"line":82,"column":null}},"39":{"start":{"line":82,"column":20},"end":{"line":82,"column":null}},"40":{"start":{"line":85,"column":16},"end":{"line":85,"column":null}},"41":{"start":{"line":86,"column":15},"end":{"line":86,"column":null}},"42":{"start":{"line":87,"column":16},"end":{"line":87,"column":null}},"43":{"start":{"line":88,"column":14},"end":{"line":88,"column":null}},"44":{"start":{"line":89,"column":2},"end":{"line":89,"column":null}},"45":{"start":{"line":93,"column":25},"end":{"line":93,"column":null}},"46":{"start":{"line":95,"column":22},"end":{"line":95,"column":null}},"47":{"start":{"line":98,"column":2},"end":{"line":98,"column":null}},"48":{"start":{"line":98,"column":20},"end":{"line":98,"column":null}},"49":{"start":{"line":101,"column":16},"end":{"line":101,"column":null}},"50":{"start":{"line":102,"column":2},"end":{"line":102,"column":null}},"51":{"start":{"line":103,"column":2},"end":{"line":103,"column":null}},"52":{"start":{"line":107,"column":26},"end":{"line":107,"column":null}},"53":{"start":{"line":109,"column":22},"end":{"line":109,"column":null}},"54":{"start":{"line":112,"column":2},"end":{"line":112,"column":null}},"55":{"start":{"line":112,"column":20},"end":{"line":112,"column":null}},"56":{"start":{"line":115,"column":16},"end":{"line":115,"column":null}},"57":{"start":{"line":116,"column":2},"end":{"line":116,"column":null}},"58":{"start":{"line":117,"column":2},"end":{"line":117,"column":null}}},"fnMap":{"0":{"name":"formatDateToISODate","decl":{"start":{"line":7,"column":16},"end":{"line":7,"column":36}},"loc":{"start":{"line":7,"column":85},"end":{"line":36,"column":null}},"line":7},"1":{"name":"formatISODateToDate","decl":{"start":{"line":38,"column":16},"end":{"line":38,"column":36}},"loc":{"start":{"line":38,"column":76},"end":{"line":50,"column":null}},"line":38},"2":{"name":"formatDDMMYYYYToISODate","decl":{"start":{"line":52,"column":16},"end":{"line":52,"column":40}},"loc":{"start":{"line":52,"column":89},"end":{"line":74,"column":null}},"line":52},"3":{"name":"formatISODateToDDMMYYYY","decl":{"start":{"line":76,"column":16},"end":{"line":76,"column":40}},"loc":{"start":{"line":76,"column":82},"end":{"line":90,"column":null}},"line":76},"4":{"name":"addDaysToISODate","decl":{"start":{"line":92,"column":16},"end":{"line":92,"column":33}},"loc":{"start":{"line":92,"column":96},"end":{"line":104,"column":null}},"line":92},"5":{"name":"addYearsToISODate","decl":{"start":{"line":106,"column":16},"end":{"line":106,"column":34}},"loc":{"start":{"line":106,"column":98},"end":{"line":118,"column":null}},"line":106}},"branchMap":{"0":{"loc":{"start":{"line":11,"column":2},"end":{"line":26,"column":null}},"type":"if","locations":[{"start":{"line":11,"column":2},"end":{"line":26,"column":null}},{"start":{},"end":{}}],"line":11},"1":{"loc":{"start":{"line":11,"column":6},"end":{"line":11,"column":54}},"type":"binary-expr","locations":[{"start":{"line":11,"column":6},"end":{"line":11,"column":34}},{"start":{"line":11,"column":34},"end":{"line":11,"column":54}}],"line":11},"2":{"loc":{"start":{"line":13,"column":4},"end":{"line":17,"column":null}},"type":"if","locations":[{"start":{"line":13,"column":4},"end":{"line":17,"column":null}},{"start":{},"end":{}}],"line":13},"3":{"loc":{"start":{"line":19,"column":4},"end":{"line":23,"column":null}},"type":"if","locations":[{"start":{"line":19,"column":4},"end":{"line":23,"column":null}},{"start":{},"end":{}}],"line":19},"4":{"loc":{"start":{"line":19,"column":8},"end":{"line":19,"column":50}},"type":"binary-expr","locations":[{"start":{"line":19,"column":8},"end":{"line":19,"column":30}},{"start":{"line":19,"column":30},"end":{"line":19,"column":50}}],"line":19},"5":{"loc":{"start":{"line":31,"column":2},"end":{"line":31,"column":null}},"type":"if","locations":[{"start":{"line":31,"column":2},"end":{"line":31,"column":null}},{"start":{},"end":{}}],"line":31},"6":{"loc":{"start":{"line":43,"column":2},"end":{"line":43,"column":null}},"type":"if","locations":[{"start":{"line":43,"column":2},"end":{"line":43,"column":null}},{"start":{},"end":{}}],"line":43},"7":{"loc":{"start":{"line":56,"column":2},"end":{"line":56,"column":null}},"type":"if","locations":[{"start":{"line":56,"column":2},"end":{"line":56,"column":null}},{"start":{},"end":{}}],"line":56},"8":{"loc":{"start":{"line":59,"column":2},"end":{"line":69,"column":null}},"type":"if","locations":[{"start":{"line":59,"column":2},"end":{"line":69,"column":null}},{"start":{},"end":{}}],"line":59},"9":{"loc":{"start":{"line":60,"column":4},"end":{"line":67,"column":null}},"type":"binary-expr","locations":[{"start":{"line":60,"column":4},"end":{"line":60,"column":null}},{"start":{"line":61,"column":4},"end":{"line":61,"column":null}},{"start":{"line":62,"column":4},"end":{"line":62,"column":null}},{"start":{"line":63,"column":4},"end":{"line":63,"column":null}},{"start":{"line":64,"column":4},"end":{"line":64,"column":null}},{"start":{"line":65,"column":4},"end":{"line":65,"column":null}},{"start":{"line":66,"column":4},"end":{"line":66,"column":null}},{"start":{"line":67,"column":4},"end":{"line":67,"column":null}}],"line":60},"10":{"loc":{"start":{"line":82,"column":2},"end":{"line":82,"column":null}},"type":"if","locations":[{"start":{"line":82,"column":2},"end":{"line":82,"column":null}},{"start":{},"end":{}}],"line":82},"11":{"loc":{"start":{"line":98,"column":2},"end":{"line":98,"column":null}},"type":"if","locations":[{"start":{"line":98,"column":2},"end":{"line":98,"column":null}},{"start":{},"end":{}}],"line":98},"12":{"loc":{"start":{"line":112,"column":2},"end":{"line":112,"column":null}},"type":"if","locations":[{"start":{"line":112,"column":2},"end":{"line":112,"column":null}},{"start":{},"end":{}}],"line":112}},"s":{"0":2,"1":2,"2":2,"3":2,"4":2,"5":14,"6":14,"7":5,"8":1,"9":1,"10":1,"11":4,"12":2,"13":2,"14":2,"15":2,"16":9,"17":9,"18":4,"19":5,"20":5,"21":3,"22":3,"23":3,"24":2,"25":1,"26":1,"27":1,"28":7,"29":7,"30":2,"31":5,"32":5,"33":3,"34":2,"35":2,"36":3,"37":3,"38":3,"39":2,"40":1,"41":1,"42":1,"43":1,"44":1,"45":3,"46":3,"47":3,"48":1,"49":2,"50":2,"51":2,"52":3,"53":3,"54":3,"55":1,"56":2,"57":2,"58":2},"f":{"0":14,"1":3,"2":7,"3":3,"4":3,"5":3},"b":{"0":[5,9],"1":[14,8],"2":[1,4],"3":[2,2],"4":[4,3],"5":[4,5],"6":[2,1],"7":[2,5],"8":[3,2],"9":[5,4,4,4,4,4,3,3],"10":[2,1],"11":[1,2],"12":[1,2]},"meta":{"lastBranch":13,"lastFunction":6,"lastStatement":59,"seen":{"s:1:27:1:Infinity":0,"s:2:25:2:Infinity":1,"s:3:25:3:Infinity":2,"s:4:23:4:Infinity":3,"s:5:23:5:Infinity":4,"f:7:16:7:36":0,"s:8:19:8:Infinity":5,"b:11:2:26:Infinity:undefined:undefined:undefined:undefined":0,"s:11:2:26:Infinity":6,"b:11:6:11:34:11:34:11:54":1,"b:13:4:17:Infinity:undefined:undefined:undefined:undefined":2,"s:13:4:17:Infinity":7,"s:14:17:14:Infinity":8,"s:15:20:15:Infinity":9,"s:16:6:16:Infinity":10,"b:19:4:23:Infinity:undefined:undefined:undefined:undefined":3,"s:19:4:23:Infinity":11,"b:19:8:19:30:19:30:19:50":4,"s:20:17:20:Infinity":12,"s:21:20:21:Infinity":13,"s:22:6:22:Infinity":14,"s:25:4:25:Infinity":15,"s:28:22:28:Infinity":16,"b:31:2:31:Infinity:undefined:undefined:undefined:undefined":5,"s:31:2:31:Infinity":17,"s:31:20:31:Infinity":18,"s:34:16:34:Infinity":19,"s:35:2:35:Infinity":20,"f:38:16:38:36":1,"s:39:19:39:Infinity":21,"s:41:22:41:Infinity":22,"b:43:2:43:Infinity:undefined:undefined:undefined:undefined":6,"s:43:2:43:Infinity":23,"s:43:20:43:Infinity":24,"s:46:29:46:Infinity":25,"s:47:16:47:Infinity":26,"s:49:2:49:Infinity":27,"f:52:16:52:40":2,"s:53:19:53:Infinity":28,"b:56:2:56:Infinity:undefined:undefined:undefined:undefined":7,"s:56:2:56:Infinity":29,"s:56:13:56:Infinity":30,"s:57:29:57:Infinity":31,"b:59:2:69:Infinity:undefined:undefined:undefined:undefined":8,"s:59:2:69:Infinity":32,"b:60:4:60:Infinity:61:4:61:Infinity:62:4:62:Infinity:63:4:63:Infinity:64:4:64:Infinity:65:4:65:Infinity:66:4:66:Infinity:67:4:67:Infinity":9,"s:69:4:69:Infinity":33,"s:71:16:71:Infinity":34,"s:73:2:73:Infinity":35,"f:76:16:76:40":3,"s:77:19:77:Infinity":36,"s:79:22:79:Infinity":37,"b:82:2:82:Infinity:undefined:undefined:undefined:undefined":10,"s:82:2:82:Infinity":38,"s:82:20:82:Infinity":39,"s:85:16:85:Infinity":40,"s:86:15:86:Infinity":41,"s:87:16:87:Infinity":42,"s:88:14:88:Infinity":43,"s:89:2:89:Infinity":44,"f:92:16:92:33":4,"s:93:25:93:Infinity":45,"s:95:22:95:Infinity":46,"b:98:2:98:Infinity:undefined:undefined:undefined:undefined":11,"s:98:2:98:Infinity":47,"s:98:20:98:Infinity":48,"s:101:16:101:Infinity":49,"s:102:2:102:Infinity":50,"s:103:2:103:Infinity":51,"f:106:16:106:34":5,"s:107:26:107:Infinity":52,"s:109:22:109:Infinity":53,"b:112:2:112:Infinity:undefined:undefined:undefined:undefined":12,"s:112:2:112:Infinity":54,"s:112:20:112:Infinity":55,"s:115:16:115:Infinity":56,"s:116:2:116:Infinity":57,"s:117:2:117:Infinity":58}}},"/Users/gregor/Projects/iamgld/iamgld-ui/projects/iamgld-ui-lib/src/lib/validators/is-document/is-document.ts":{"path":"/Users/gregor/Projects/iamgld/iamgld-ui/projects/iamgld-ui-lib/src/lib/validators/is-document/is-document.ts","statementMap":{"0":{"start":{"line":5,"column":2},"end":{"line":49,"column":null}},"1":{"start":{"line":6,"column":18},"end":{"line":6,"column":null}},"2":{"start":{"line":9,"column":31},"end":{"line":40,"column":null}},"3":{"start":{"line":42,"column":28},"end":{"line":42,"column":null}},"4":{"start":{"line":44,"column":4},"end":{"line":44,"column":null}},"5":{"start":{"line":44,"column":16},"end":{"line":44,"column":null}},"6":{"start":{"line":46,"column":20},"end":{"line":46,"column":null}},"7":{"start":{"line":46,"column":54},"end":{"line":46,"column":80}},"8":{"start":{"line":48,"column":4},"end":{"line":48,"column":null}}},"fnMap":{"0":{"name":"isDocument","decl":{"start":{"line":4,"column":16},"end":{"line":4,"column":27}},"loc":{"start":{"line":4,"column":90},"end":{"line":50,"column":null}},"line":4},"1":{"name":"(anonymous_1)","decl":{"start":{"line":5,"column":9},"end":{"line":5,"column":10}},"loc":{"start":{"line":5,"column":64},"end":{"line":49,"column":null}},"line":5},"2":{"name":"(anonymous_2)","decl":{"start":{"line":46,"column":41},"end":{"line":46,"column":42}},"loc":{"start":{"line":46,"column":54},"end":{"line":46,"column":80}},"line":46}},"branchMap":{"0":{"loc":{"start":{"line":44,"column":4},"end":{"line":44,"column":null}},"type":"if","locations":[{"start":{"line":44,"column":4},"end":{"line":44,"column":null}},{"start":{},"end":{}}],"line":44},"1":{"loc":{"start":{"line":48,"column":11},"end":{"line":48,"column":null}},"type":"cond-expr","locations":[{"start":{"line":48,"column":21},"end":{"line":48,"column":55}},{"start":{"line":48,"column":55},"end":{"line":48,"column":null}}],"line":48}},"s":{"0":12,"1":12,"2":12,"3":12,"4":12,"5":3,"6":9,"7":15,"8":9},"f":{"0":12,"1":12,"2":15},"b":{"0":[3,9],"1":[5,4]},"meta":{"lastBranch":2,"lastFunction":3,"lastStatement":9,"seen":{"f:4:16:4:27":0,"s:5:2:49:Infinity":0,"f:5:9:5:10":1,"s:6:18:6:Infinity":1,"s:9:31:40:Infinity":2,"s:42:28:42:Infinity":3,"b:44:4:44:Infinity:undefined:undefined:undefined:undefined":0,"s:44:4:44:Infinity":4,"s:44:16:44:Infinity":5,"s:46:20:46:Infinity":6,"f:46:41:46:42":2,"s:46:54:46:80":7,"s:48:4:48:Infinity":8,"b:48:21:48:55:48:55:48:Infinity":1}}},"/Users/gregor/Projects/iamgld/iamgld-ui/projects/iamgld-ui-lib/src/lib/validators/is-string/is-string.ts":{"path":"/Users/gregor/Projects/iamgld/iamgld-ui/projects/iamgld-ui-lib/src/lib/validators/is-string/is-string.ts","statementMap":{"0":{"start":{"line":5,"column":28},"end":{"line":5,"column":null}},"1":{"start":{"line":6,"column":37},"end":{"line":6,"column":null}},"2":{"start":{"line":9,"column":2},"end":{"line":16,"column":null}},"3":{"start":{"line":10,"column":18},"end":{"line":10,"column":null}},"4":{"start":{"line":12,"column":4},"end":{"line":12,"column":null}},"5":{"start":{"line":12,"column":16},"end":{"line":12,"column":null}},"6":{"start":{"line":14,"column":4},"end":{"line":14,"column":null}},"7":{"start":{"line":14,"column":34},"end":{"line":14,"column":null}},"8":{"start":{"line":15,"column":4},"end":{"line":15,"column":null}}},"fnMap":{"0":{"name":"isString","decl":{"start":{"line":8,"column":16},"end":{"line":8,"column":40}},"loc":{"start":{"line":8,"column":40},"end":{"line":17,"column":null}},"line":8},"1":{"name":"(anonymous_1)","decl":{"start":{"line":9,"column":9},"end":{"line":9,"column":10}},"loc":{"start":{"line":9,"column":64},"end":{"line":16,"column":null}},"line":9}},"branchMap":{"0":{"loc":{"start":{"line":12,"column":4},"end":{"line":12,"column":null}},"type":"if","locations":[{"start":{"line":12,"column":4},"end":{"line":12,"column":null}},{"start":{},"end":{}}],"line":12},"1":{"loc":{"start":{"line":14,"column":4},"end":{"line":14,"column":null}},"type":"if","locations":[{"start":{"line":14,"column":4},"end":{"line":14,"column":null}},{"start":{},"end":{}}],"line":14}},"s":{"0":2,"1":2,"2":1,"3":6,"4":6,"5":2,"6":4,"7":4,"8":2},"f":{"0":1,"1":6},"b":{"0":[2,4],"1":[2,2]},"meta":{"lastBranch":2,"lastFunction":2,"lastStatement":9,"seen":{"s:5:28:5:Infinity":0,"s:6:37:6:Infinity":1,"f:8:16:8:40":0,"s:9:2:16:Infinity":2,"f:9:9:9:10":1,"s:10:18:10:Infinity":3,"b:12:4:12:Infinity:undefined:undefined:undefined:undefined":0,"s:12:4:12:Infinity":4,"s:12:16:12:Infinity":5,"b:14:4:14:Infinity:undefined:undefined:undefined:undefined":1,"s:14:4:14:Infinity":6,"s:14:34:14:Infinity":7,"s:15:4:15:Infinity":8}}},"/Users/gregor/Projects/iamgld/iamgld-ui/projects/iamgld-ui-lib/src/lib/validators/minimum-age/minimum-age.ts":{"path":"/Users/gregor/Projects/iamgld/iamgld-ui/projects/iamgld-ui-lib/src/lib/validators/minimum-age/minimum-age.ts","statementMap":{"0":{"start":{"line":6,"column":2},"end":{"line":28,"column":null}},"1":{"start":{"line":8,"column":18},"end":{"line":8,"column":null}},"2":{"start":{"line":10,"column":4},"end":{"line":10,"column":null}},"3":{"start":{"line":10,"column":16},"end":{"line":10,"column":null}},"4":{"start":{"line":13,"column":31},"end":{"line":13,"column":null}},"5":{"start":{"line":14,"column":21},"end":{"line":14,"column":null}},"6":{"start":{"line":17,"column":18},"end":{"line":17,"column":null}},"7":{"start":{"line":18,"column":4},"end":{"line":18,"column":null}},"8":{"start":{"line":19,"column":16},"end":{"line":19,"column":null}},"9":{"start":{"line":20,"column":24},"end":{"line":20,"column":null}},"10":{"start":{"line":22,"column":6},"end":{"line":22,"column":null}},"11":{"start":{"line":24,"column":23},"end":{"line":24,"column":null}},"12":{"start":{"line":27,"column":4},"end":{"line":27,"column":null}}},"fnMap":{"0":{"name":"minimumAge","decl":{"start":{"line":5,"column":16},"end":{"line":5,"column":27}},"loc":{"start":{"line":5,"column":72},"end":{"line":29,"column":null}},"line":5},"1":{"name":"(anonymous_1)","decl":{"start":{"line":6,"column":9},"end":{"line":6,"column":10}},"loc":{"start":{"line":6,"column":64},"end":{"line":28,"column":null}},"line":6}},"branchMap":{"0":{"loc":{"start":{"line":10,"column":4},"end":{"line":10,"column":null}},"type":"if","locations":[{"start":{"line":10,"column":4},"end":{"line":10,"column":null}},{"start":{},"end":{}}],"line":10},"1":{"loc":{"start":{"line":22,"column":6},"end":{"line":22,"column":null}},"type":"binary-expr","locations":[{"start":{"line":22,"column":6},"end":{"line":22,"column":50}},{"start":{"line":22,"column":50},"end":{"line":22,"column":null}}],"line":22},"2":{"loc":{"start":{"line":24,"column":23},"end":{"line":24,"column":null}},"type":"binary-expr","locations":[{"start":{"line":24,"column":23},"end":{"line":24,"column":40}},{"start":{"line":24,"column":40},"end":{"line":24,"column":59}},{"start":{"line":24,"column":59},"end":{"line":24,"column":74}},{"start":{"line":24,"column":74},"end":{"line":24,"column":null}}],"line":24},"3":{"loc":{"start":{"line":27,"column":11},"end":{"line":27,"column":null}},"type":"cond-expr","locations":[{"start":{"line":27,"column":24},"end":{"line":27,"column":31}},{"start":{"line":27,"column":31},"end":{"line":27,"column":null}}],"line":27}},"s":{"0":1,"1":7,"2":7,"3":2,"4":5,"5":5,"6":5,"7":5,"8":5,"9":5,"10":5,"11":7,"12":7},"f":{"0":1,"1":7},"b":{"0":[2,5],"1":[5,3],"2":[7,4,3,2],"3":[3,2]},"meta":{"lastBranch":4,"lastFunction":2,"lastStatement":13,"seen":{"f:5:16:5:27":0,"s:6:2:28:Infinity":0,"f:6:9:6:10":1,"s:8:18:8:Infinity":1,"b:10:4:10:Infinity:undefined:undefined:undefined:undefined":0,"s:10:4:10:Infinity":2,"s:10:16:10:Infinity":3,"s:13:31:13:Infinity":4,"s:14:21:14:Infinity":5,"s:17:18:17:Infinity":6,"s:18:4:18:Infinity":7,"s:19:16:19:Infinity":8,"s:20:24:20:Infinity":9,"s:22:6:22:Infinity":10,"b:22:6:22:50:22:50:22:Infinity":1,"s:24:23:24:Infinity":11,"b:24:23:24:40:24:40:24:59:24:59:24:74:24:74:24:Infinity":2,"s:27:4:27:Infinity":12,"b:27:24:27:31:27:31:27:Infinity":3}}},"/Users/gregor/Projects/iamgld/iamgld-ui/projects/iamgld-ui-lib/src/lib/validators/is-email/is-email.ts":{"path":"/Users/gregor/Projects/iamgld/iamgld-ui/projects/iamgld-ui-lib/src/lib/validators/is-email/is-email.ts","statementMap":{"0":{"start":{"line":5,"column":20},"end":{"line":5,"column":null}},"1":{"start":{"line":8,"column":2},"end":{"line":15,"column":null}},"2":{"start":{"line":9,"column":18},"end":{"line":9,"column":null}},"3":{"start":{"line":11,"column":4},"end":{"line":11,"column":null}},"4":{"start":{"line":11,"column":16},"end":{"line":11,"column":null}},"5":{"start":{"line":13,"column":4},"end":{"line":13,"column":null}},"6":{"start":{"line":13,"column":33},"end":{"line":13,"column":null}},"7":{"start":{"line":14,"column":4},"end":{"line":14,"column":null}}},"fnMap":{"0":{"name":"isEmail","decl":{"start":{"line":7,"column":16},"end":{"line":7,"column":39}},"loc":{"start":{"line":7,"column":39},"end":{"line":16,"column":null}},"line":7},"1":{"name":"(anonymous_1)","decl":{"start":{"line":8,"column":9},"end":{"line":8,"column":10}},"loc":{"start":{"line":8,"column":64},"end":{"line":15,"column":null}},"line":8}},"branchMap":{"0":{"loc":{"start":{"line":11,"column":4},"end":{"line":11,"column":null}},"type":"if","locations":[{"start":{"line":11,"column":4},"end":{"line":11,"column":null}},{"start":{},"end":{}}],"line":11},"1":{"loc":{"start":{"line":13,"column":4},"end":{"line":13,"column":null}},"type":"if","locations":[{"start":{"line":13,"column":4},"end":{"line":13,"column":null}},{"start":{},"end":{}}],"line":13}},"s":{"0":2,"1":1,"2":6,"3":6,"4":2,"5":4,"6":4,"7":2},"f":{"0":1,"1":6},"b":{"0":[2,4],"1":[2,2]},"meta":{"lastBranch":2,"lastFunction":2,"lastStatement":8,"seen":{"s:5:20:5:Infinity":0,"f:7:16:7:39":0,"s:8:2:15:Infinity":1,"f:8:9:8:10":1,"s:9:18:9:Infinity":2,"b:11:4:11:Infinity:undefined:undefined:undefined:undefined":0,"s:11:4:11:Infinity":3,"s:11:16:11:Infinity":4,"b:13:4:13:Infinity:undefined:undefined:undefined:undefined":1,"s:13:4:13:Infinity":5,"s:13:33:13:Infinity":6,"s:14:4:14:Infinity":7}}},"/Users/gregor/Projects/iamgld/iamgld-ui/projects/iamgld-ui-lib/src/lib/validators/is-form-select-item/is-form-select-item.ts":{"path":"/Users/gregor/Projects/iamgld/iamgld-ui/projects/iamgld-ui-lib/src/lib/validators/is-form-select-item/is-form-select-item.ts","statementMap":{"0":{"start":{"line":5,"column":2},"end":{"line":17,"column":null}},"1":{"start":{"line":6,"column":18},"end":{"line":6,"column":null}},"2":{"start":{"line":8,"column":4},"end":{"line":8,"column":null}},"3":{"start":{"line":8,"column":16},"end":{"line":8,"column":null}},"4":{"start":{"line":9,"column":4},"end":{"line":10,"column":null}},"5":{"start":{"line":10,"column":6},"end":{"line":10,"column":null}},"6":{"start":{"line":12,"column":4},"end":{"line":14,"column":null}},"7":{"start":{"line":13,"column":6},"end":{"line":13,"column":null}},"8":{"start":{"line":13,"column":48},"end":{"line":13,"column":null}},"9":{"start":{"line":16,"column":4},"end":{"line":16,"column":null}}},"fnMap":{"0":{"name":"isFormSelectItem","decl":{"start":{"line":4,"column":16},"end":{"line":4,"column":48}},"loc":{"start":{"line":4,"column":48},"end":{"line":18,"column":null}},"line":4},"1":{"name":"(anonymous_1)","decl":{"start":{"line":5,"column":9},"end":{"line":5,"column":10}},"loc":{"start":{"line":5,"column":64},"end":{"line":17,"column":null}},"line":5}},"branchMap":{"0":{"loc":{"start":{"line":8,"column":4},"end":{"line":8,"column":null}},"type":"if","locations":[{"start":{"line":8,"column":4},"end":{"line":8,"column":null}},{"start":{},"end":{}}],"line":8},"1":{"loc":{"start":{"line":9,"column":4},"end":{"line":10,"column":null}},"type":"if","locations":[{"start":{"line":9,"column":4},"end":{"line":10,"column":null}},{"start":{},"end":{}}],"line":9},"2":{"loc":{"start":{"line":12,"column":4},"end":{"line":14,"column":null}},"type":"if","locations":[{"start":{"line":12,"column":4},"end":{"line":14,"column":null}},{"start":{},"end":{}}],"line":12},"3":{"loc":{"start":{"line":13,"column":6},"end":{"line":13,"column":null}},"type":"if","locations":[{"start":{"line":13,"column":6},"end":{"line":13,"column":null}},{"start":{},"end":{}}],"line":13},"4":{"loc":{"start":{"line":13,"column":10},"end":{"line":13,"column":48}},"type":"binary-expr","locations":[{"start":{"line":13,"column":10},"end":{"line":13,"column":30}},{"start":{"line":13,"column":30},"end":{"line":13,"column":48}}],"line":13}},"s":{"0":1,"1":8,"2":8,"3":2,"4":6,"5":6,"6":5,"7":4,"8":1,"9":4},"f":{"0":1,"1":8},"b":{"0":[2,6],"1":[1,5],"2":[4,1],"3":[1,3],"4":[4,2]},"meta":{"lastBranch":5,"lastFunction":2,"lastStatement":10,"seen":{"f:4:16:4:48":0,"s:5:2:17:Infinity":0,"f:5:9:5:10":1,"s:6:18:6:Infinity":1,"b:8:4:8:Infinity:undefined:undefined:undefined:undefined":0,"s:8:4:8:Infinity":2,"s:8:16:8:Infinity":3,"b:9:4:10:Infinity:undefined:undefined:undefined:undefined":1,"s:9:4:10:Infinity":4,"s:10:6:10:Infinity":5,"b:12:4:14:Infinity:undefined:undefined:undefined:undefined":2,"s:12:4:14:Infinity":6,"b:13:6:13:Infinity:undefined:undefined:undefined:undefined":3,"s:13:6:13:Infinity":7,"b:13:10:13:30:13:30:13:48":4,"s:13:48:13:Infinity":8,"s:16:4:16:Infinity":9}}},"/Users/gregor/Projects/iamgld/iamgld-ui/projects/iamgld-ui-lib/src/lib/validators/must-match/must-match.ts":{"path":"/Users/gregor/Projects/iamgld/iamgld-ui/projects/iamgld-ui-lib/src/lib/validators/must-match/must-match.ts","statementMap":{"0":{"start":{"line":13,"column":2},"end":{"line":27,"column":null}},"1":{"start":{"line":14,"column":25},"end":{"line":14,"column":null}},"2":{"start":{"line":15,"column":29},"end":{"line":15,"column":null}},"3":{"start":{"line":18,"column":4},"end":{"line":18,"column":null}},"4":{"start":{"line":18,"column":44},"end":{"line":18,"column":null}},"5":{"start":{"line":21,"column":4},"end":{"line":24,"column":null}},"6":{"start":{"line":22,"column":6},"end":{"line":22,"column":null}},"7":{"start":{"line":23,"column":6},"end":{"line":23,"column":null}},"8":{"start":{"line":26,"column":4},"end":{"line":26,"column":null}}},"fnMap":{"0":{"name":"mustMatch","decl":{"start":{"line":4,"column":16},"end":{"line":4,"column":26}},"loc":{"start":{"line":12,"column":16},"end":{"line":28,"column":null}},"line":12},"1":{"name":"(anonymous_1)","decl":{"start":{"line":13,"column":9},"end":{"line":13,"column":10}},"loc":{"start":{"line":13,"column":66},"end":{"line":27,"column":null}},"line":13}},"branchMap":{"0":{"loc":{"start":{"line":18,"column":4},"end":{"line":18,"column":null}},"type":"if","locations":[{"start":{"line":18,"column":4},"end":{"line":18,"column":null}},{"start":{},"end":{}}],"line":18},"1":{"loc":{"start":{"line":18,"column":8},"end":{"line":18,"column":44}},"type":"binary-expr","locations":[{"start":{"line":18,"column":8},"end":{"line":18,"column":25}},{"start":{"line":18,"column":25},"end":{"line":18,"column":44}}],"line":18},"2":{"loc":{"start":{"line":21,"column":4},"end":{"line":24,"column":null}},"type":"if","locations":[{"start":{"line":21,"column":4},"end":{"line":24,"column":null}},{"start":{},"end":{}}],"line":21},"3":{"loc":{"start":{"line":21,"column":8},"end":{"line":21,"column":77}},"type":"binary-expr","locations":[{"start":{"line":21,"column":8},"end":{"line":21,"column":30}},{"start":{"line":21,"column":30},"end":{"line":21,"column":77}}],"line":21},"4":{"loc":{"start":{"line":22,"column":74},"end":{"line":22,"column":95}},"type":"binary-expr","locations":[{"start":{"line":22,"column":74},"end":{"line":22,"column":90}},{"start":{"line":22,"column":90},"end":{"line":22,"column":95}}],"line":22},"5":{"loc":{"start":{"line":23,"column":26},"end":{"line":23,"column":47}},"type":"binary-expr","locations":[{"start":{"line":23,"column":26},"end":{"line":23,"column":42}},{"start":{"line":23,"column":42},"end":{"line":23,"column":47}}],"line":23}},"s":{"0":5,"1":5,"2":5,"3":5,"4":1,"5":4,"6":2,"7":2,"8":2},"f":{"0":5,"1":5},"b":{"0":[1,4],"1":[5,5],"2":[2,2],"3":[4,3],"4":[2,1],"5":[2,1]},"meta":{"lastBranch":6,"lastFunction":2,"lastStatement":9,"seen":{"f:4:16:4:26":0,"s:13:2:27:Infinity":0,"f:13:9:13:10":1,"s:14:25:14:Infinity":1,"s:15:29:15:Infinity":2,"b:18:4:18:Infinity:undefined:undefined:undefined:undefined":0,"s:18:4:18:Infinity":3,"b:18:8:18:25:18:25:18:44":1,"s:18:44:18:Infinity":4,"b:21:4:24:Infinity:undefined:undefined:undefined:undefined":2,"s:21:4:24:Infinity":5,"b:21:8:21:30:21:30:21:77":3,"s:22:6:22:Infinity":6,"b:22:74:22:90:22:90:22:95":4,"s:23:6:23:Infinity":7,"b:23:26:23:42:23:42:23:47":5,"s:26:4:26:Infinity":8}}},"/Users/gregor/Projects/iamgld/iamgld-ui/projects/iamgld-ui-lib/src/lib/validators/is-natural-number/is-natural-number.ts":{"path":"/Users/gregor/Projects/iamgld/iamgld-ui/projects/iamgld-ui-lib/src/lib/validators/is-natural-number/is-natural-number.ts","statementMap":{"0":{"start":{"line":5,"column":36},"end":{"line":5,"column":null}},"1":{"start":{"line":6,"column":45},"end":{"line":6,"column":null}},"2":{"start":{"line":9,"column":2},"end":{"line":16,"column":null}},"3":{"start":{"line":10,"column":18},"end":{"line":10,"column":null}},"4":{"start":{"line":12,"column":4},"end":{"line":12,"column":null}},"5":{"start":{"line":12,"column":16},"end":{"line":12,"column":null}},"6":{"start":{"line":14,"column":4},"end":{"line":14,"column":null}},"7":{"start":{"line":14,"column":42},"end":{"line":14,"column":null}},"8":{"start":{"line":15,"column":4},"end":{"line":15,"column":null}}},"fnMap":{"0":{"name":"isNaturalNumber","decl":{"start":{"line":8,"column":16},"end":{"line":8,"column":47}},"loc":{"start":{"line":8,"column":47},"end":{"line":17,"column":null}},"line":8},"1":{"name":"(anonymous_1)","decl":{"start":{"line":9,"column":9},"end":{"line":9,"column":10}},"loc":{"start":{"line":9,"column":64},"end":{"line":16,"column":null}},"line":9}},"branchMap":{"0":{"loc":{"start":{"line":12,"column":4},"end":{"line":12,"column":null}},"type":"if","locations":[{"start":{"line":12,"column":4},"end":{"line":12,"column":null}},{"start":{},"end":{}}],"line":12},"1":{"loc":{"start":{"line":14,"column":4},"end":{"line":14,"column":null}},"type":"if","locations":[{"start":{"line":14,"column":4},"end":{"line":14,"column":null}},{"start":{},"end":{}}],"line":14}},"s":{"0":2,"1":2,"2":1,"3":5,"4":5,"5":1,"6":4,"7":4,"8":2},"f":{"0":1,"1":5},"b":{"0":[1,4],"1":[2,2]},"meta":{"lastBranch":2,"lastFunction":2,"lastStatement":9,"seen":{"s:5:36:5:Infinity":0,"s:6:45:6:Infinity":1,"f:8:16:8:47":0,"s:9:2:16:Infinity":2,"f:9:9:9:10":1,"s:10:18:10:Infinity":3,"b:12:4:12:Infinity:undefined:undefined:undefined:undefined":0,"s:12:4:12:Infinity":4,"s:12:16:12:Infinity":5,"b:14:4:14:Infinity:undefined:undefined:undefined:undefined":1,"s:14:4:14:Infinity":6,"s:14:42:14:Infinity":7,"s:15:4:15:Infinity":8}}},"/Users/gregor/Projects/iamgld/iamgld-ui/projects/iamgld-ui-lib/src/lib/validators/must-unmatch/must-unmatch.ts":{"path":"/Users/gregor/Projects/iamgld/iamgld-ui/projects/iamgld-ui-lib/src/lib/validators/must-unmatch/must-unmatch.ts","statementMap":{"0":{"start":{"line":13,"column":2},"end":{"line":30,"column":null}},"1":{"start":{"line":14,"column":25},"end":{"line":14,"column":null}},"2":{"start":{"line":15,"column":31},"end":{"line":15,"column":null}},"3":{"start":{"line":18,"column":4},"end":{"line":18,"column":null}},"4":{"start":{"line":18,"column":46},"end":{"line":18,"column":null}},"5":{"start":{"line":21,"column":4},"end":{"line":27,"column":null}},"6":{"start":{"line":22,"column":6},"end":{"line":25,"column":null}},"7":{"start":{"line":26,"column":6},"end":{"line":26,"column":null}},"8":{"start":{"line":29,"column":4},"end":{"line":29,"column":null}}},"fnMap":{"0":{"name":"mustUnmatch","decl":{"start":{"line":4,"column":16},"end":{"line":4,"column":28}},"loc":{"start":{"line":12,"column":16},"end":{"line":31,"column":null}},"line":12},"1":{"name":"(anonymous_1)","decl":{"start":{"line":13,"column":9},"end":{"line":13,"column":10}},"loc":{"start":{"line":13,"column":66},"end":{"line":30,"column":null}},"line":13}},"branchMap":{"0":{"loc":{"start":{"line":18,"column":4},"end":{"line":18,"column":null}},"type":"if","locations":[{"start":{"line":18,"column":4},"end":{"line":18,"column":null}},{"start":{},"end":{}}],"line":18},"1":{"loc":{"start":{"line":18,"column":8},"end":{"line":18,"column":46}},"type":"binary-expr","locations":[{"start":{"line":18,"column":8},"end":{"line":18,"column":25}},{"start":{"line":18,"column":25},"end":{"line":18,"column":46}}],"line":18},"2":{"loc":{"start":{"line":21,"column":4},"end":{"line":27,"column":null}},"type":"if","locations":[{"start":{"line":21,"column":4},"end":{"line":27,"column":null}},{"start":{},"end":{}}],"line":21},"3":{"loc":{"start":{"line":21,"column":8},"end":{"line":21,"column":79}},"type":"binary-expr","locations":[{"start":{"line":21,"column":8},"end":{"line":21,"column":30}},{"start":{"line":21,"column":30},"end":{"line":21,"column":79}}],"line":21},"4":{"loc":{"start":{"line":24,"column":21},"end":{"line":24,"column":null}},"type":"binary-expr","locations":[{"start":{"line":24,"column":21},"end":{"line":24,"column":37}},{"start":{"line":24,"column":37},"end":{"line":24,"column":null}}],"line":24},"5":{"loc":{"start":{"line":26,"column":28},"end":{"line":26,"column":49}},"type":"binary-expr","locations":[{"start":{"line":26,"column":28},"end":{"line":26,"column":44}},{"start":{"line":26,"column":44},"end":{"line":26,"column":49}}],"line":26}},"s":{"0":5,"1":5,"2":5,"3":5,"4":1,"5":4,"6":2,"7":2,"8":2},"f":{"0":5,"1":5},"b":{"0":[1,4],"1":[5,5],"2":[2,2],"3":[4,3],"4":[2,1],"5":[2,1]},"meta":{"lastBranch":6,"lastFunction":2,"lastStatement":9,"seen":{"f:4:16:4:28":0,"s:13:2:30:Infinity":0,"f:13:9:13:10":1,"s:14:25:14:Infinity":1,"s:15:31:15:Infinity":2,"b:18:4:18:Infinity:undefined:undefined:undefined:undefined":0,"s:18:4:18:Infinity":3,"b:18:8:18:25:18:25:18:46":1,"s:18:46:18:Infinity":4,"b:21:4:27:Infinity:undefined:undefined:undefined:undefined":2,"s:21:4:27:Infinity":5,"b:21:8:21:30:21:30:21:79":3,"s:22:6:25:Infinity":6,"b:24:21:24:37:24:37:24:Infinity":4,"s:26:6:26:Infinity":7,"b:26:28:26:44:26:44:26:49":5,"s:29:4:29:Infinity":8}}}}}